
Gurobi 9.5.2 (linux64, gurobi_cl) logging started Thu Jan 12 23:37:39 2023

Set parameter Username
Set parameter LogFile to value "gurobi.log"
Academic license - for non-commercial use only - expires 2023-10-14
Using license file /home/user/gurobi.lic

Gurobi Optimizer version 9.5.2 build v9.5.2rc0 (linux64)
Copyright (c) 2022, Gurobi Optimization, LLC

Read LP format model from file /tmp/bd159e73c6214e66a1edd15b391af889-pulp.lp
Reading time = 0.02 seconds
OBJ: 3601 rows, 3659 columns, 17525 nonzeros
Thread count: 3 physical cores, 3 logical processors, using up to 3 threads
Optimize a model with 3601 rows, 3659 columns and 17525 nonzeros
Model fingerprint: 0xf9082ed4
Variable types: 59 continuous, 3600 integer (3600 binary)
Coefficient statistics:
  Matrix range     [1e+00, 6e+01]
  Objective range  [2e+00, 2e+02]
  Bounds range     [1e+00, 1e+00]
  RHS range        [1e+00, 6e+01]
Presolve removed 59 rows and 60 columns
Presolve time: 0.04s
Presolved: 3542 rows, 3599 columns, 17232 nonzeros
Variable types: 58 continuous, 3541 integer (3541 binary)

Root relaxation: objective 5.112339e+02, 227 iterations, 0.01 seconds (0.01 work units)

    Nodes    |    Current Node    |     Objective Bounds      |     Work
 Expl Unexpl |  Obj  Depth IntInf | Incumbent    BestBd   Gap | It/Node Time

     0     0  511.23390    0   99          -  511.23390      -     -    0s
     0     0  617.71488    0  124          -  617.71488      -     -    0s
     0     0  618.29230    0  104          -  618.29230      -     -    0s
     0     0  623.14038    0  124          -  623.14038      -     -    0s
H    0     0                     786.0755640  623.14038  20.7%     -    0s
     0     0  626.73225    0   90  786.07556  626.73225  20.3%     -    0s
     0     0  627.38177    0  117  786.07556  627.38177  20.2%     -    0s
     0     0  627.76309    0  129  786.07556  627.76309  20.1%     -    0s
     0     0  627.80140    0  130  786.07556  627.80140  20.1%     -    0s
     0     0  629.16818    0  124  786.07556  629.16818  20.0%     -    0s
H    0     0                     783.6013018  629.16818  19.7%     -    1s
     0     0  631.70936    0  116  783.60130  631.70936  19.4%     -    1s
     0     0  631.70936    0  116  783.60130  631.70936  19.4%     -    1s
     0     0  631.70936    0  116  783.60130  631.70936  19.4%     -    1s
H    0     0                     780.0298221  631.70936  19.0%     -    2s
     0     0  631.70936    0  116  780.02982  631.70936  19.0%     -    2s
     0     0  631.70936    0  115  780.02982  631.70936  19.0%     -    2s
     0     0  631.70936    0  115  780.02982  631.70936  19.0%     -    2s
     0     0  631.70936    0  114  780.02982  631.70936  19.0%     -    2s
     0     0  631.70936    0  114  780.02982  631.70936  19.0%     -    2s
     0     0  631.70936    0  112  780.02982  631.70936  19.0%     -    2s
     0     0  631.70936    0  112  780.02982  631.70936  19.0%     -    2s
     0     2  634.47018    0  112  780.02982  634.47018  18.7%     -    2s
   831   839  664.15521  290   24  780.02982  638.85625  18.1%   7.7    5s
H  910   839                     777.2461871  638.85625  17.8%   8.0    7s
H  914   800                     766.9175777  638.85625  16.7%   7.9    7s
   929   810  695.48298  229  135  766.91758  641.31352  16.4%   7.8   10s
H  959   794                     763.4731959  641.54885  16.0%  10.8   12s
H  964   756                     760.0505252  641.54885  15.6%  10.8   13s
H  965   719                     745.3379823  641.68297  13.9%  10.9   13s
  1080   807  699.40623   35   99  745.33798  641.81393  13.9%  13.1   15s
H 1103   778                     731.9968431  641.81393  12.3%  13.4   16s
  1958  1175  680.66391   59  111  731.99684  643.29729  12.1%  16.6   20s
  3737  2258  650.94688   26  112  731.99684  644.60776  11.9%  16.5   25s
  5364  3571  662.79064   63   61  731.99684  645.54386  11.8%  16.8   30s
  7079  4972  706.78070  111   52  731.99684  646.36548  11.7%  16.2   35s
H 9011  5086                     717.2562956  647.20702  9.77%  15.6   39s
  9014  5088  713.08360   38   99  717.25630  647.20702  9.77%  15.6   40s
  9061  5120  682.18451   48   96  717.25630  650.54850  9.30%  15.5   45s
  9082  5138  653.47009   25  110  717.25630  653.47009  8.89%  15.9   51s
H 9111  4896                     713.1049935  653.47009  8.36%  15.9   54s
  9138  4917  653.47009   37  107  713.10499  653.47009  8.36%  15.9   55s
H 9259  4726                     712.4879380  653.47009  8.28%  16.4   57s
  9762  4908  656.49371   81   69  712.48794  653.47009  8.28%  17.0   60s
 11258  5499  688.46916  312    8  712.48794  654.15079  8.19%  16.3   65s
H11259  5253                     712.1365584  654.15079  8.14%  16.3   65s
H11936  5071                     709.3529234  656.11774  7.50%  16.5   68s
 12584  5359  670.96319   33   90  709.35292  657.51365  7.31%  16.6   70s
 15214  6261     cutoff   41       709.35292  660.35023  6.91%  16.8   75s
 17917  6697  667.07192   80  112  709.35292  662.73604  6.57%  16.8   81s
 17932  6707  705.72550   38  126  709.35292  662.73604  6.57%  16.8   85s
 17941  6717  662.73604   37  115  709.35292  662.73604  6.57%  16.9   90s
 18276  6841 infeasible   70       709.35292  662.73604  6.57%  17.4   95s
 19506  7167  679.66054  222    6  709.35292  662.73604  6.57%  17.6  100s
 21401  7748  680.09238  120   32  709.35292  662.73604  6.57%  17.6  105s
H21676  7405                     708.7913885  662.73604  6.50%  17.6  105s
 23514  7882  673.21252  129   73  708.79139  662.73604  6.50%  18.1  110s
 26075  8734  670.39917   71  104  708.79139  662.77669  6.49%  17.8  115s
H26783  7074                     700.6332385  663.11873  5.35%  17.7  115s
 27024  6903  694.21871   79  125  700.63324  663.36541  5.32%  17.6  120s
 27033  6913  663.36541   46  109  700.63324  663.36541  5.32%  17.7  125s
 27123  6954  663.36541   63   98  700.63324  663.36541  5.32%  17.8  130s
 28334  7160  675.55347   69   89  700.63324  663.36541  5.32%  17.9  135s
 29965  7464  687.50280   77  104  700.63324  663.36541  5.32%  18.1  140s
 31681  7950  684.32009  103   73  700.63324  663.36541  5.32%  18.0  145s
 34264  8483  679.60215  139   14  700.63324  664.60015  5.14%  17.9  150s
 37268  9219  670.36572  131   94  700.63324  666.03447  4.94%  17.7  155s
 39653  9823  673.15470  229   22  700.63324  666.31484  4.90%  17.6  160s
 42158 11034  668.75781   56  110  700.63324  666.97814  4.80%  17.3  165s
 45130 11764  697.34643   67  112  700.63324  667.62559  4.71%  17.1  182s
 45139 11770  688.11574  170  110  700.63324  667.62559  4.71%  17.1  186s
 45147 11775  692.81075   91  115  700.63324  667.62559  4.71%  17.1  190s
 45155 11781  684.66238  140  110  700.63324  667.62559  4.71%  17.1  195s
 45170 11797  667.62559   60  134  700.63324  667.62559  4.71%  17.1  200s
 45413 11970  675.24744  102   18  700.63324  667.62559  4.71%  17.2  205s
 45857 12062  667.62559  175   40  700.63324  667.62559  4.71%  17.2  210s
 46916 12364  667.62559  244   44  700.63324  667.62559  4.71%  17.1  215s
 49118 13246  680.13693  149   51  700.63324  667.62559  4.71%  16.8  220s
 51566 14304  681.18203   96   70  700.63324  667.62559  4.71%  16.5  225s
 55168 15745  667.62559  234   51  700.63324  667.62559  4.71%  16.1  230s
 57100 16166  667.62559  274   20  700.63324  667.62559  4.71%  16.3  235s
 60265 17523  667.62559  288   28  700.63324  667.62559  4.71%  16.1  240s
 64251 19189  667.62559  235   26  700.63324  667.62559  4.71%  15.7  245s
 68416 21295  667.64599  385   18  700.63324  667.62559  4.71%  15.3  250s
 71312 22550  667.62559   83   45  700.63324  667.62559  4.71%  15.1  255s
 75258 24563  667.62559   63   24  700.63324  667.62559  4.71%  14.9  260s
 78545 26229  681.27120  154   74  700.63324  667.62559  4.71%  14.7  265s
 82250 28406  667.62559  109   28  700.63324  667.62559  4.71%  14.5  270s
 86718 32022  667.62559   71  112  700.63324  667.62559  4.71%  14.3  275s
 90237 34943  667.62559  167   26  700.63324  667.62559  4.71%  14.2  280s
 92612 37049  667.62559  263   59  700.63324  667.62559  4.71%  14.1  285s
 97485 40810  667.62559   68   34  700.63324  667.62559  4.71%  13.9  290s
 101836 44396  672.89003  463   27  700.63324  667.62559  4.71%  13.7  295s
 105643 46993  667.62559   74   36  700.63324  667.62559  4.71%  13.6  300s
 109698 50192     cutoff   97       700.63324  667.62559  4.71%  13.5  305s
 113712 53476  690.78211   94   93  700.63324  667.62559  4.71%  13.4  310s
 116794 55665  669.99267  378   31  700.63324  667.62559  4.71%  13.4  315s
 121223 58738  668.25536  287   35  700.63324  667.62559  4.71%  13.3  320s
 124130 60998     cutoff   99       700.63324  667.62559  4.71%  13.2  325s
 128100 63942  670.49994   79   67  700.63324  667.62559  4.71%  13.1  330s
 131919 66824  679.85068  141   19  700.63324  667.62559  4.71%  13.1  335s
 134150 68469  692.76127  105    9  700.63324  667.62559  4.71%  13.1  340s
 136558 70390     cutoff  150       700.63324  667.62559  4.71%  13.0  345s
 140831 73812  668.97284  121  100  700.63324  667.62559  4.71%  13.0  350s
 145352 77065  693.62110  181   21  700.63324  667.62559  4.71%  12.9  355s
 149372 80090  669.46994  135   18  700.63324  667.62559  4.71%  12.8  360s
 153526 83280  672.43070   86   46  700.63324  667.62559  4.71%  12.8  365s
 158118 86896  692.95465  244   16  700.63324  667.62559  4.71%  12.7  370s
 160996 89016  667.62559   72   27  700.63324  667.62559  4.71%  12.7  375s
 164260 91540  667.62559   83   25  700.63324  667.62559  4.71%  12.7  380s
 166812 93461  668.81868   95   99  700.63324  667.62559  4.71%  12.6  385s
 170346 96158  670.67910  143  107  700.63324  667.62559  4.71%  12.6  390s
 173185 98284  686.14897   83   23  700.63324  667.62559  4.71%  12.6  395s
 177075 101298  667.62559  106   86  700.63324  667.62559  4.71%  12.6  400s
 180829 103868  684.57883   94   19  700.63324  667.62559  4.71%  12.6  409s
 180988 104092  700.50073  120   39  700.63324  667.62559  4.71%  12.6  410s
 184573 106697  667.62559  113   32  700.63324  667.62559  4.71%  12.6  415s
 188304 109367  688.50033  105   25  700.63324  667.62559  4.71%  12.6  420s
 192212 111957  670.70628   91   68  700.63324  667.62559  4.71%  12.6  425s
 195695 114682  674.73939  103   38  700.63324  667.62559  4.71%  12.6  430s
 199431 117468  667.62559   82   14  700.63324  667.62559  4.71%  12.6  435s
 202813 120066  674.97213   78   57  700.63324  667.62559  4.71%  12.6  440s
 206960 123302  676.88847  110   30  700.63324  667.62559  4.71%  12.5  445s
 210653 125802  667.62559   82   37  700.63324  667.62559  4.71%  12.5  450s
 214433 128518  694.38359   97   19  700.63324  667.62559  4.71%  12.5  455s
 218046 130645  678.95337   85   34  700.63324  667.62559  4.71%  12.5  460s
 221487 133255  670.15130  105   20  700.63324  667.62559  4.71%  12.5  465s
 224477 135375  679.28839  143   23  700.63324  667.62559  4.71%  12.5  470s
 228579 138225  683.97190  101   74  700.63324  667.62559  4.71%  12.5  475s
 232778 141115  671.62757   89   14  700.63324  667.62559  4.71%  12.5  480s
 236155 143507 infeasible   80       700.63324  667.62559  4.71%  12.5  485s
 239609 145914  667.62559   80   25  700.63324  667.62559  4.71%  12.5  490s
 243030 148146     cutoff   97       700.63324  667.62559  4.71%  12.5  495s
 246752 150462  667.62559   83   65  700.63324  667.62559  4.71%  12.5  500s
 250487 153207  668.01167  103   49  700.63324  667.62559  4.71%  12.4  505s
 254345 155988  671.53161   95   76  700.63324  667.62559  4.71%  12.4  510s
 258383 158643  667.62559   79   18  700.63324  667.62559  4.71%  12.4  515s
 262062 161281  679.05134  128   59  700.63324  667.62559  4.71%  12.4  520s
 265856 163931  671.80254  117   10  700.63324  667.62559  4.71%  12.4  525s
 269780 166442  667.76699   95   12  700.63324  667.62559  4.71%  12.4  530s
 273164 168906  673.13894   89   47  700.63324  667.62559  4.71%  12.3  535s
 276819 171244  667.62559   73  131  700.63324  667.62559  4.71%  12.4  540s
 280523 173965  667.62559   83   83  700.63324  667.62559  4.71%  12.3  545s
 284392 176364  689.98548   94   30  700.63324  667.62559  4.71%  12.3  550s
 288101 179008  670.60646   90   74  700.63324  667.62559  4.71%  12.3  555s
 291244 180679  690.95566  109   34  700.63324  667.62559  4.71%  12.3  561s
 293517 182452  679.05627  101   54  700.63324  667.62559  4.71%  12.3  565s
 297277 185051  671.03899   86   60  700.63324  667.62559  4.71%  12.3  570s
 301449 187929  674.89262   76   44  700.63324  667.62559  4.71%  12.3  575s
 305356 190610  670.99449   91   19  700.63324  667.62559  4.71%  12.3  580s
 309427 193503  685.14708  176   28  700.63324  667.62559  4.71%  12.3  586s
 312163 195317  678.66160   93   10  700.63324  667.62559  4.71%  12.3  590s
 315557 197524  675.55958   89   98  700.63324  667.62559  4.71%  12.3  595s
 318395 199390  667.62559  109   47  700.63324  667.62559  4.71%  12.3  601s
 321058 201144  682.68213  142    6  700.63324  667.62559  4.71%  12.3  605s
 324054 203002  673.76486   69   31  700.63324  667.62559  4.71%  12.3  610s
 327056 204973  667.62559   87   97  700.63324  667.62559  4.71%  12.3  615s
 329897 206766  672.82224   83   18  700.63324  667.62559  4.71%  12.3  620s
 333538 209235 infeasible   96       700.63324  667.62559  4.71%  12.3  625s
 337063 211553  699.10944  102   24  700.63324  667.62559  4.71%  12.3  630s
 341166 214509  676.59281  114   26  700.63324  667.62559  4.71%  12.2  635s
 345135 216966  698.41090  116    6  700.63324  667.62559  4.71%  12.2  640s
 349535 219944  691.84065  167    8  700.63324  667.62559  4.71%  12.2  645s
 353594 222507  667.62559   79  103  700.63324  667.62559  4.71%  12.2  650s
 357345 225049  667.62559  122  100  700.63324  667.62559  4.71%  12.2  655s
 360943 227268  674.99470   69   27  700.63324  667.62559  4.71%  12.2  660s
 365168 230137  667.62559  104   84  700.63324  667.62559  4.71%  12.2  665s
 369271 232888  677.24956  139   39  700.63324  667.62559  4.71%  12.2  670s
 372361 235057  686.16062  103   37  700.63324  667.62559  4.71%  12.2  677s
 374511 236573  669.39472   88   54  700.63324  667.62559  4.71%  12.2  680s
 378333 239013  667.62559   76   38  700.63324  667.62559  4.71%  12.2  685s
 381331 240714  674.21325   95   22  700.63324  667.62559  4.71%  12.2  690s
 384660 242563  682.84889  153   60  700.63324  667.62559  4.71%  12.2  695s
 387967 244748  679.27407   91   60  700.63324  667.62559  4.71%  12.2  700s
 389847 245631  686.11441   70   19  700.63324  667.62559  4.71%  12.2  706s
 392115 247559  672.77096  113   83  700.63324  667.62559  4.71%  12.2  710s
 395511 249773     cutoff  120       700.63324  667.62559  4.71%  12.2  715s
 399048 251959  689.02567  142   10  700.63324  667.62559  4.71%  12.2  720s
 402846 254539  674.25714  102   67  700.63324  667.62559  4.71%  12.2  725s
 406276 256868  674.56852   80  104  700.63324  667.62559  4.71%  12.2  730s
 409512 258944  680.07723  184   27  700.63324  667.62559  4.71%  12.2  735s
 412569 260845  685.63678   98   16  700.63324  667.62559  4.71%  12.2  740s
 415536 262965  672.21439   86   16  700.63324  667.62559  4.71%  12.3  745s
 418656 264803  667.62559  116   76  700.63324  667.62559  4.71%  12.3  750s
 421751 266885  677.87304  115   57  700.63324  667.62559  4.71%  12.3  755s
 424401 268955  678.74799  110   85  700.63324  667.62559  4.71%  12.3  760s
 425974 269701  669.91359  102   22  700.63324  667.62559  4.71%  12.3  765s
 429563 271843  689.29089  105    6  700.63324  667.62559  4.71%  12.3  770s
 432508 273769 infeasible   72       700.63324  667.62559  4.71%  12.3  775s
 435666 275864  667.62559   76   51  700.63324  667.62559  4.71%  12.3  780s
 438986 278018  693.83055   79   54  700.63324  667.62559  4.71%  12.3  785s
 442642 280366  679.46268  131   32  700.63324  667.62559  4.71%  12.3  790s
 445824 282266  671.04716  129   56  700.63324  667.62559  4.71%  12.3  795s
 448030 283681  686.97369  159    6  700.63324  667.62559  4.71%  12.3  800s
 451154 285530  672.47328   89   24  700.63324  667.62559  4.71%  12.3  805s
 454311 287645  690.24724  122    6  700.63324  667.62559  4.71%  12.3  810s
 457467 289547  678.65117   93   27  700.63324  667.62559  4.71%  12.3  815s
 460530 291821  674.10044   80   24  700.63324  667.62559  4.71%  12.3  820s
 463828 293670  677.91439   80   22  700.63324  667.62559  4.71%  12.3  825s
 467308 295964  680.04028  101   93  700.63324  667.62559  4.71%  12.3  830s
 471033 298393  668.17122   71   49  700.63324  667.62559  4.71%  12.3  835s
 473996 300402  667.89595   82   25  700.63324  667.62559  4.71%  12.3  840s
 475710 301386  671.15055   99   29  700.63324  667.62559  4.71%  12.3  847s
 477303 302581  680.52376  132   15  700.63324  667.62559  4.71%  12.3  850s
 480328 304560  693.22307  151   28  700.63324  667.62559  4.71%  12.3  855s
 483847 306537  690.02034   97   20  700.63324  667.62559  4.71%  12.3  860s
 486375 308264  669.77948  130   46  700.63324  667.62559  4.71%  12.3  865s
 489600 310400  688.19409  102    6  700.63324  667.62559  4.71%  12.3  870s
 492849 312743  672.18691   94   50  700.63324  667.62559  4.71%  12.3  875s
 496463 314960  680.67160  100   40  700.63324  667.62559  4.71%  12.3  880s
 499709 317169     cutoff  100       700.63324  667.62559  4.71%  12.3  885s
 502814 319208  691.81070  106   16  700.63324  667.62559  4.71%  12.3  890s
 506002 321201  682.19666   88   26  700.63324  667.62559  4.71%  12.3  895s
 509343 323028     cutoff   94       700.63324  667.62559  4.71%  12.3  900s
 512307 324838  697.75735  114   16  700.63324  667.62559  4.71%  12.4  905s
 515515 326898  676.57897  104   33  700.63324  667.62559  4.71%  12.4  910s
 518881 329029  695.38178  120   12  700.63324  667.62559  4.71%  12.4  915s
 522555 331159  673.23340  130   99  700.63324  667.62559  4.71%  12.4  920s
 525761 333140  699.91589  121   90  700.63324  667.62559  4.71%  12.4  925s
 529350 335245  691.95757  144   16  700.63324  667.62559  4.71%  12.4  930s
 532451 337297  680.08746  103   99  700.63324  667.62559  4.71%  12.4  935s
 535998 339189  674.40041   85   35  700.63324  667.62559  4.71%  12.4  940s
 538231 340478  695.17993  120    6  700.63324  667.62559  4.71%  12.4  945s
 541104 342311  695.45218  147   21  700.63324  667.62559  4.71%  12.4  950s
 544314 344389     cutoff   95       700.63324  667.62559  4.71%  12.4  955s
 547005 346062  699.64337  131    6  700.63324  667.62559  4.71%  12.4  960s
 549574 347844  667.62559   77  118  700.63324  667.62559  4.71%  12.4  965s
 552204 349447  677.40067   78   46  700.63324  667.62559  4.71%  12.4  970s
 554364 350918  670.63143  160   44  700.63324  667.62559  4.71%  12.4  975s
 557029 352490  668.87689   74   44  700.63324  667.62559  4.71%  12.4  980s
 559706 353843  695.77851  193   18  700.63324  667.62559  4.71%  12.4  985s
 562579 355628  673.22329   85  115  700.63324  667.62559  4.71%  12.4  990s
 563822 356447 infeasible   84       700.63324  667.62559  4.71%  12.4  995s
 567049 358406  697.98082  100   10  700.63324  667.62559  4.71%  12.4 1000s
 569608 359943  687.45533   91   70  700.63324  667.62559  4.71%  12.4 1005s
 572328 361504     cutoff   91       700.63324  667.62559  4.71%  12.4 1010s
 574554 362827  667.62559   91   33  700.63324  667.62559  4.71%  12.4 1015s
 577639 364838  667.62559   81   22  700.63324  667.62559  4.71%  12.4 1020s
 580231 366129  672.83247  117   37  700.63324  667.62559  4.71%  12.4 1025s
 582924 368159  675.83015  120    6  700.63324  667.62559  4.71%  12.4 1030s
 585635 369651  678.20116  107   32  700.63324  667.62559  4.71%  12.4 1035s
 588291 371215  685.78657   94   46  700.63324  667.62559  4.71%  12.4 1040s
 589882 372281  689.86468  103   16  700.63324  667.62559  4.71%  12.4 1045s
 592489 373664 infeasible   93       700.63324  667.62559  4.71%  12.4 1050s
 594844 375040     cutoff  155       700.63324  667.62559  4.71%  12.4 1055s
 597716 376634  687.49627   92   63  700.63324  667.62559  4.71%  12.4 1060s
 600274 378195     cutoff  150       700.63324  667.62559  4.71%  12.4 1065s
 603523 380325     cutoff   86       700.63324  667.62559  4.71%  12.4 1070s
 606413 382106  688.14612   89    8  700.63324  667.62559  4.71%  12.4 1075s
 608905 383581  681.42982   97   95  700.63324  667.62559  4.71%  12.4 1080s
 611684 385234  670.49928   80   24  700.63324  667.62559  4.71%  12.4 1085s
 614116 386735  684.27504   80   73  700.63324  667.62559  4.71%  12.4 1090s
 616822 388146 infeasible   91       700.63324  667.62559  4.71%  12.4 1095s
 619394 389642  667.62559   77   75  700.63324  667.62559  4.71%  12.4 1100s
 622030 391348  668.76191   97   16  700.63324  667.62559  4.71%  12.4 1106s
 624344 392700  687.54869  129   33  700.63324  667.62559  4.71%  12.4 1110s
 626793 393823     cutoff   80       700.63324  667.62559  4.71%  12.4 1115s
 629175 395543  682.60398  155   86  700.63324  667.62559  4.71%  12.4 1120s
 631009 396616     cutoff  129       700.63324  667.62559  4.71%  12.4 1129s
 631364 396950  672.19554   96   30  700.63324  667.62559  4.71%  12.4 1130s
 634145 398591  672.62954   92   36  700.63324  667.62559  4.71%  12.4 1135s
 636388 399858  690.55076  131   16  700.63324  667.62559  4.71%  12.4 1140s
 638952 401142  699.79446  147   51  700.63324  667.62559  4.71%  12.4 1145s
 641675 402975  669.45516   80   95  700.63324  667.62559  4.71%  12.4 1150s
 644256 404403  671.22060   93   85  700.63324  667.62559  4.71%  12.4 1155s
 646894 406163  688.34035   82   25  700.63324  667.62559  4.71%  12.4 1160s
 649628 407623  670.04788   88   14  700.63324  667.62559  4.71%  12.4 1165s
 652278 409278  676.52819   88   29  700.63324  667.62559  4.71%  12.4 1170s
 654820 410728  674.96918   90   39  700.63324  667.62559  4.71%  12.5 1175s
 657445 412441  674.78541  111   38  700.63324  667.62559  4.71%  12.5 1180s
 660097 413935  671.36421   85   50  700.63324  667.62559  4.71%  12.5 1185s
 662674 415507     cutoff   99       700.63324  667.62559  4.71%  12.5 1190s
 665279 416800  669.70513   98   19  700.63324  667.62559  4.71%  12.5 1195s
 667967 418496  671.70450   88   12  700.63324  667.62559  4.71%  12.5 1200s
 670674 420010  673.50280  110   90  700.63324  667.62559  4.71%  12.5 1206s
 673458 421929  670.03805   86   27  700.63324  667.62559  4.71%  12.5 1210s
 676226 423370  672.82967   87   91  700.63324  667.62559  4.71%  12.5 1215s
 678776 424895  689.57369   79  104  700.63324  667.62559  4.71%  12.5 1220s
 681157 426303     cutoff  126       700.63324  667.62559  4.71%  12.5 1225s
 684155 427976  684.73012   98   29  700.63324  667.62559  4.71%  12.5 1230s
 686513 429256  679.88727   83  118  700.63324  667.62559  4.71%  12.5 1235s
 689254 431171  680.79639  112   23  700.63324  667.62559  4.71%  12.5 1240s
 692238 432816  677.21277   91   44  700.63324  667.62559  4.71%  12.5 1245s
 694833 434308     cutoff  159       700.63324  667.62559  4.71%  12.5 1250s
 697543 435870     cutoff  111       700.63324  667.62559  4.71%  12.5 1255s
 699704 437212  699.75607   82   77  700.63324  667.62559  4.71%  12.5 1260s
 702481 438614  673.85213   90   37  700.63324  667.62559  4.71%  12.5 1265s
 704201 439656  681.55146   80   14  700.63324  667.62559  4.71%  12.5 1270s
 706910 441366  667.88661   76   28  700.63324  667.62559  4.71%  12.5 1275s
 709014 442397  676.77015   87   16  700.63324  667.62559  4.71%  12.5 1280s
 710989 443629  684.02899  118   36  700.63324  667.62559  4.71%  12.5 1285s
 713975 445242  692.48181   96    6  700.63324  667.62559  4.71%  12.5 1291s
 716307 446706  670.57667   91   83  700.63324  667.62559  4.71%  12.5 1295s
 719162 448399  695.51622  153   10  700.63324  667.62559  4.71%  12.5 1300s
 721852 449721  690.27600   87   97  700.63324  667.62559  4.71%  12.5 1305s
 724189 451052  680.38789  126   46  700.63324  667.62559  4.71%  12.5 1310s
 727224 452772 infeasible   91       700.63324  667.62559  4.71%  12.5 1315s
 729653 453896  685.19990   90   26  700.63324  667.62559  4.71%  12.5 1320s
 732280 455416  670.99104  120   93  700.63324  667.62559  4.71%  12.5 1325s
 734904 457163  680.59156   90   97  700.63324  667.62559  4.71%  12.5 1330s
 737654 458627 infeasible  101       700.63324  667.62559  4.71%  12.5 1335s
 739121 459291  670.25971   86   39  700.63324  667.62559  4.71%  12.5 1343s
 739963 459848  695.03699  104   83  700.63324  667.62559  4.71%  12.5 1345s
 742568 461300  681.04338   82   81  700.63324  667.62559  4.71%  12.5 1350s
 745637 463036  699.01093  113   25  700.63324  667.62559  4.71%  12.5 1355s
 748457 464562  674.10130   87   10  700.63324  667.62559  4.71%  12.5 1360s
 751101 466010  695.15776  101   61  700.63324  667.62559  4.71%  12.5 1365s
 753659 467423     cutoff   85       700.63324  667.62559  4.71%  12.5 1370s
 756332 469180  692.17049   78   69  700.63324  667.62559  4.71%  12.5 1375s
 758562 470607  669.71733   91   24  700.63324  667.62559  4.71%  12.5 1380s
 761615 472313  675.10466   88  103  700.63324  667.62559  4.71%  12.5 1385s
 764243 473809  673.93034   79   18  700.63324  667.62559  4.71%  12.5 1390s
 767285 475337     cutoff   75       700.63324  667.62559  4.71%  12.5 1395s
 769864 476798  687.64088   87   24  700.63324  667.62559  4.71%  12.5 1400s
 772615 478607  678.04354   92  110  700.63324  667.62559  4.71%  12.5 1405s
 774916 480057  676.69446   77   10  700.63324  667.62559  4.71%  12.5 1410s
 777782 481861  674.92821   89  100  700.63324  667.62559  4.71%  12.5 1415s
 780527 483480  669.73321  104   54  700.63324  667.62559  4.71%  12.5 1420s
 783077 485002  687.38000   98   14  700.63324  667.62559  4.71%  12.5 1425s
 785944 486729  675.81692  106   41  700.63324  667.62559  4.71%  12.5 1430s
 788525 488284  682.81066  103   27  700.63324  667.62559  4.71%  12.5 1435s
 791103 489806  691.41104  111   26  700.63324  667.62559  4.71%  12.5 1440s
 793662 491556  679.33131  102   20  700.63324  667.62559  4.71%  12.5 1445s
 796599 493152  667.62559   78   40  700.63324  667.62559  4.71%  12.5 1450s
 798854 494509  676.99130  105   30  700.63324  667.62559  4.71%  12.5 1455s
 801444 496045  686.43400  131   26  700.63324  667.62559  4.71%  12.5 1460s
 804275 497612  668.35557   91   46  700.63324  667.62559  4.71%  12.5 1465s
 806937 499244  676.78855   72   39  700.63324  667.62559  4.71%  12.5 1470s
 809741 500993     cutoff  142       700.63324  667.62559  4.71%  12.5 1475s
 812417 502645  689.19038   79   20  700.63324  667.62559  4.71%  12.5 1480s
 815262 504284  685.44970  135   14  700.63324  667.62559  4.71%  12.5 1485s
 818302 506166  671.60924   97   42  700.63324  667.62559  4.71%  12.5 1490s
 821192 507868  670.79945   85   20  700.63324  667.62559  4.71%  12.5 1495s
 823975 509560  672.05465   74   23  700.63324  667.62559  4.71%  12.5 1501s
 826361 510986  688.02761  200   24  700.63324  667.62559  4.71%  12.5 1505s
 828412 512147  672.53444  127   49  700.63324  667.62559  4.71%  12.5 1510s
 830969 513704  672.66205   83   95  700.63324  667.62559  4.71%  12.5 1515s
 833619 515334  675.05883  121   22  700.63324  667.62559  4.71%  12.5 1520s
 836813 517231     cutoff  120       700.63324  667.62559  4.71%  12.5 1525s
 839317 518834  671.07241   98   27  700.63324  667.62559  4.71%  12.5 1530s
 842156 520391  691.31872   93    6  700.63324  667.62559  4.71%  12.5 1535s
 843886 521388  670.63599  115   88  700.63324  667.62559  4.71%  12.5 1540s
 846926 523402  673.96287   82   14  700.63324  667.62559  4.71%  12.5 1545s
 849664 524713  682.70607  154   12  700.63324  667.62559  4.71%  12.5 1550s
 852307 526281  676.13500   95   28  700.63324  667.62559  4.71%  12.5 1555s
 854852 527532     cutoff  202       700.63324  667.62559  4.71%  12.5 1561s
 856717 528744  682.20224   88   58  700.63324  667.62559  4.71%  12.5 1565s
 857134 528870     cutoff  140       700.63324  667.62559  4.71%  12.5 1570s
 859440 530176  691.58165   90   43  700.63324  667.62559  4.71%  12.5 1575s
 861977 531538  677.63067   89   19  700.63324  667.62559  4.71%  12.5 1580s
 864729 533083  667.62559   80   27  700.63324  667.62559  4.71%  12.5 1585s
 867697 534875  682.09487  122   38  700.63324  667.62559  4.71%  12.5 1590s
 870448 536316  687.73842  115   32  700.63324  667.62559  4.71%  12.5 1595s
 873042 537883  672.78719   94   18  700.63324  667.62559  4.71%  12.5 1600s
 876100 539779  680.78947  115   65  700.63324  667.62559  4.71%  12.4 1605s
 878756 541315     cutoff  120       700.63324  667.62559  4.71%  12.4 1610s
 881308 542579  696.34219  118   19  700.63324  667.62559  4.71%  12.4 1616s
 883725 543982  672.61327   86   67  700.63324  667.62559  4.71%  12.4 1620s
 886489 545686  670.81484   82   14  700.63324  667.62559  4.71%  12.4 1625s
 889201 547187  689.17285  113    6  700.63324  667.62559  4.71%  12.4 1630s
 891931 548733     cutoff  108       700.63324  667.62559  4.71%  12.4 1635s
 894788 550466  680.29269  136   64  700.63324  667.62559  4.71%  12.4 1640s
 897462 551985  686.96391  111   40  700.63324  667.62559  4.71%  12.4 1645s
 900029 553519  688.42376   96   55  700.63324  667.62559  4.71%  12.4 1650s
 902797 555062  672.28373  103   18  700.63324  667.62559  4.71%  12.4 1655s
 904967 556368  669.34867   81   29  700.63324  667.62559  4.71%  12.4 1660s
 908301 558364 infeasible   80       700.63324  667.62559  4.71%  12.4 1665s
 910436 559516  693.31143  198   23  700.63324  667.62559  4.71%  12.4 1670s
 913487 561236  684.86396  129   15  700.63324  667.62559  4.71%  12.4 1676s
 915998 562577  690.10894  284   36  700.63324  667.62559  4.71%  12.4 1680s
 918461 564166  687.44792   83   20  700.63324  667.62559  4.71%  12.4 1685s
 921003 565815  691.37548   82    9  700.63324  667.62559  4.71%  12.4 1690s
 923633 567168  685.29717  122    6  700.63324  667.62559  4.71%  12.4 1695s
 926215 568570     cutoff   96       700.63324  667.62559  4.71%  12.4 1700s
 929072 570163  699.61530  132   28  700.63324  667.62559  4.71%  12.4 1705s
 931110 571078  687.81637   82   31  700.63324  667.62559  4.71%  12.4 1711s
 932930 572188  682.23761   90   27  700.63324  667.62559  4.71%  12.4 1715s
 935647 573905  684.33153   86  102  700.63324  667.62559  4.71%  12.4 1720s
 938474 575513     cutoff   90       700.63324  667.62559  4.71%  12.4 1725s
 941366 577289  692.86739   75  113  700.63324  667.62559  4.71%  12.4 1730s
 944205 578676  689.55923   87   73  700.63324  667.62559  4.71%  12.4 1735s
 946721 579992  688.65231  289   68  700.63324  667.62559  4.71%  12.4 1740s
 949449 581653     cutoff  107       700.63324  667.62559  4.71%  12.4 1745s
 952249 583271 infeasible  104       700.63324  667.62559  4.71%  12.4 1750s
 955003 584910  676.69839  105   85  700.63324  667.62559  4.71%  12.4 1755s
 957532 586269  670.90298   81   58  700.63324  667.62559  4.71%  12.4 1760s
 960937 588221  672.69482   86   41  700.63324  667.62559  4.71%  12.4 1765s
 964057 589777  670.00476   82   19  700.63324  667.62559  4.71%  12.4 1770s
 967669 591924     cutoff   90       700.63324  667.62559  4.71%  12.4 1775s
 971061 593975  690.59823  117   95  700.63324  667.62559  4.71%  12.4 1780s
 974194 595816  674.23117  333   42  700.63324  667.62559  4.71%  12.4 1785s
 977320 597478  697.38636   87   10  700.63324  667.62559  4.71%  12.4 1790s
 980609 599273  687.41246  100   52  700.63324  667.62559  4.71%  12.4 1795s
 983471 600769  676.35901  118   29  700.63324  667.62559  4.71%  12.4 1800s
 986630 602198  680.75452   98   59  700.63324  667.62559  4.71%  12.4 1805s
 990032 604140 infeasible   75       700.63324  667.62559  4.71%  12.4 1810s
 991741 605157  677.06080  107   26  700.63324  667.62559  4.71%  12.4 1816s
 994211 606488  681.00034  154   10  700.63324  667.62559  4.71%  12.4 1820s
 997508 608132  667.62559   78  108  700.63324  667.62559  4.71%  12.4 1825s
 1000352 609566  689.65651  134   35  700.63324  667.62559  4.71%  12.4 1830s
 1001953 610547  692.74965  135   10  700.63324  667.62559  4.71%  12.4 1835s
 1005115 612251  680.86378  128    6  700.63324  667.62559  4.71%  12.4 1840s
 1008385 614112  690.23696  102   77  700.63324  667.62559  4.71%  12.4 1845s
 1011643 615828  685.58359  114   58  700.63324  667.62559  4.71%  12.4 1850s
 1015115 617823  674.55516  107   32  700.63324  667.62559  4.71%  12.4 1855s
 1018133 619598  695.83953  121   40  700.63324  667.62559  4.71%  12.4 1860s
 1021628 621476  672.95519   74  116  700.63324  667.62559  4.71%  12.4 1865s
 1024429 623097  687.02872   88  102  700.63324  667.62559  4.71%  12.4 1870s
 1027332 624648  674.14618  103   95  700.63324  667.62559  4.71%  12.4 1875s
 1030739 626558  677.08874   71   29  700.63324  667.62559  4.71%  12.4 1880s
 1033970 628355  677.18470  155   20  700.63324  667.62559  4.71%  12.4 1885s
 1037235 630245  676.28695   94   31  700.63324  667.62559  4.71%  12.4 1890s
 1040239 631707  694.23108  104   86  700.63324  667.62559  4.71%  12.4 1895s
 1043681 633588  695.69773   98   37  700.63324  667.62559  4.71%  12.4 1900s
 1046640 635139     cutoff   91       700.63324  667.62559  4.71%  12.4 1905s
 1049245 636767  681.43096  111   48  700.63324  667.62559  4.71%  12.4 1910s
 1051777 638105  680.31000   86   23  700.63324  667.62559  4.71%  12.4 1915s
 1054134 639173  695.56083   96   15  700.63324  667.62559  4.71%  12.5 1920s
 1057010 640603  674.67893   97   39  700.63324  667.62559  4.71%  12.5 1925s
 1059803 642010  668.72849   96   36  700.63324  667.62559  4.71%  12.5 1930s
 1061958 643171  699.91657   93   31  700.63324  667.62559  4.71%  12.5 1935s
 1064092 644332  689.62557  128    6  700.63324  667.62559  4.71%  12.5 1940s
 1066768 645581  684.71110  105   69  700.63324  667.62559  4.71%  12.5 1945s
 1069219 647015  689.35526   92   49  700.63324  667.62559  4.71%  12.5 1950s
 1071039 647748  689.11935  126  101  700.63324  667.62559  4.71%  12.5 1955s
 1073341 649352  673.22404   84   10  700.63324  667.62559  4.71%  12.5 1960s
 1076072 650777  690.06633  139   13  700.63324  667.62559  4.71%  12.5 1965s
 1078850 652304  697.48932  120   37  700.63324  667.62559  4.71%  12.5 1970s
 1081511 653786  673.65429   87  109  700.63324  667.62559  4.71%  12.5 1975s
 1084788 655683  693.60666  103   16  700.63324  667.62559  4.71%  12.5 1980s
 1087157 656972  686.31447  106   22  700.63324  667.62559  4.71%  12.5 1985s
 1090296 658573  677.91982   96   65  700.63324  667.62559  4.71%  12.5 1990s
 1092674 659657  677.79349   94  103  700.63324  667.62559  4.71%  12.5 1995s
 1095265 661018  679.06201   94   16  700.63324  667.62559  4.71%  12.5 2000s
 1098182 662441     cutoff   98       700.63324  667.62559  4.71%  12.5 2005s
 1101462 664188  681.18075   92   26  700.63324  667.62559  4.71%  12.5 2010s
 1104435 665726  697.57087  103   12  700.63324  667.62559  4.71%  12.5 2015s
 1107204 667303  678.34197   91   35  700.63324  667.62559  4.71%  12.5 2020s
 1110128 668923  699.65076  132    7  700.63324  667.62559  4.71%  12.5 2025s
 1112728 670309  675.29197   85   40  700.63324  667.62559  4.71%  12.5 2030s
 1115255 671887  671.66219   86   27  700.63324  667.62559  4.71%  12.5 2035s
 1118334 673664  670.32801   77   19  700.63324  667.62559  4.71%  12.5 2040s
 1121290 675254     cutoff  103       700.63324  667.62559  4.71%  12.5 2045s
 1123847 676626  696.47127  115   17  700.63324  667.62559  4.71%  12.5 2050s
 1127295 678391  692.01714  108   16  700.63324  667.62559  4.71%  12.5 2055s
 1130176 680058  690.79619  114   22  700.63324  667.62559  4.71%  12.5 2060s
 1132714 681532     cutoff   97       700.63324  667.62559  4.71%  12.5 2065s
 1134428 682520  678.01376  109   19  700.63324  667.62559  4.71%  12.5 2070s
 1137226 684079  674.18019   82   72  700.63324  667.62559  4.71%  12.5 2075s
 1139614 685255  674.43901   67   20  700.63324  667.62559  4.71%  12.5 2080s
 1141785 686700  672.40448   89   60  700.63324  667.62559  4.71%  12.5 2085s
 1144551 688013  681.10276   93   28  700.63324  667.62559  4.71%  12.5 2090s
 1147299 689421  689.53247   94   24  700.63324  667.62559  4.71%  12.5 2095s
 1149985 690735  689.12003   89   14  700.63324  667.62559  4.71%  12.5 2100s
 1152946 692469  687.96674  103    9  700.63324  667.62559  4.71%  12.5 2105s
 1155508 693841     cutoff  112       700.63324  667.62559  4.71%  12.5 2110s
 1158279 695586  689.35734   95    6  700.63324  667.62559  4.71%  12.5 2115s
 1161280 697186  699.90577  113   20  700.63324  667.62559  4.71%  12.5 2120s
 1163774 698657  693.23633   90   87  700.63324  667.62559  4.71%  12.5 2125s
 1166896 700503  686.42119  180   21  700.63324  667.62559  4.71%  12.5 2130s
 1169743 702031  676.71023   82   26  700.63324  667.62559  4.71%  12.5 2135s
 1172216 703372  677.32556   92   39  700.63324  667.62559  4.71%  12.5 2140s
 1174775 704689  671.61828   94   60  700.63324  667.62559  4.71%  12.5 2145s
 1177684 706242  682.11791  104   20  700.63324  667.62559  4.71%  12.5 2150s
 1180498 707804     cutoff   79       700.63324  667.62559  4.71%  12.5 2155s
 1182980 709099  675.85355   88   33  700.63324  667.62559  4.71%  12.6 2160s
 1185632 710433  674.62307   93   18  700.63324  667.62559  4.71%  12.6 2165s
 1188356 711890  682.40563   87   21  700.63324  667.62559  4.71%  12.6 2170s
 1191496 713730  676.60112   79   44  700.63324  667.62559  4.71%  12.6 2175s
 1194139 715190  680.07668   93   67  700.63324  667.62559  4.71%  12.6 2180s
 1196772 716498  669.38098   79   61  700.63324  667.62559  4.71%  12.6 2185s
 1200139 718235  672.56125   98   42  700.63324  667.62559  4.71%  12.6 2190s
 1203044 720128  692.15061  128   21  700.63324  667.62559  4.71%  12.6 2195s
 1206063 721905     cutoff   73       700.63324  667.62559  4.71%  12.6 2200s
 1208982 723205  687.51670  136   20  700.63324  667.62559  4.71%  12.6 2205s
 1211605 724535  676.15178   99   79  700.63324  667.62559  4.71%  12.6 2210s
 1214774 726140  686.90339  126   36  700.63324  667.62559  4.71%  12.6 2215s
 1217224 727231     cutoff  113       700.63324  667.62559  4.71%  12.6 2220s
 1219806 728435  678.17166   81   32  700.63324  667.62559  4.71%  12.6 2225s
 1222408 729992  687.82672  111   26  700.63324  667.62559  4.71%  12.6 2230s
 1225134 731652  686.87803   90    6  700.63324  667.62559  4.71%  12.6 2235s
 1227854 733118  672.41987   80   45  700.63324  667.62559  4.71%  12.6 2240s
 1230852 734630  682.58313  105   47  700.63324  667.62559  4.71%  12.6 2245s
 1234171 736408  680.30405   94   28  700.63324  667.62559  4.71%  12.6 2250s
 1237351 738163  683.44166   90   30  700.63324  667.62559  4.71%  12.6 2255s
 1240124 739728  673.03078   93   40  700.63324  667.62559  4.71%  12.6 2260s
 1243245 741538  691.06038  127   21  700.63324  667.62559  4.71%  12.6 2265s
 1246496 743275  684.15650  109   94  700.63324  667.62559  4.71%  12.6 2270s
 1247403 743923  693.30769  150   18  700.63324  667.62559  4.71%  12.6 2275s
 1250717 745596     cutoff   87       700.63324  667.62559  4.71%  12.6 2280s
 1253600 747214  677.68515  100   47  700.63324  667.62559  4.71%  12.6 2285s
 1256906 749121  673.74551   87   71  700.63324  667.62559  4.71%  12.6 2290s
 1259631 750672  691.93827  101   25  700.63324  667.62559  4.71%  12.6 2295s
 1262910 752339  682.23851  103   45  700.63324  667.62559  4.71%  12.6 2300s
 1265895 754041  685.16072  149   15  700.63324  667.62559  4.71%  12.6 2305s
 1266874 755968     cutoff  111       700.63324  667.62559  4.71%  12.6 2312s
 1270694 756663  695.08248  133   20  700.63324  667.62559  4.71%  12.6 2315s
 1274022 758304  681.38805   85   18  700.63324  667.62559  4.71%  12.6 2320s
 1276606 759715 infeasible  119       700.63324  667.62559  4.71%  12.6 2325s
 1279844 761523  687.27936  100   12  700.63324  667.62559  4.71%  12.6 2330s
 1282767 763135     cutoff   85       700.63324  667.62559  4.71%  12.6 2335s
 1285282 764435  686.26171  152   24  700.63324  667.62559  4.71%  12.6 2340s
 1288527 766367     cutoff   81       700.63324  667.62559  4.71%  12.6 2345s
 1291717 768069  684.34501  155   46  700.63324  667.62559  4.71%  12.6 2350s
 1294904 769677  674.71455   76   48  700.63324  667.62559  4.71%  12.6 2355s
 1297520 771130  677.14686  102   95  700.63324  667.62559  4.71%  12.6 2360s
 1300830 772682  682.51556  106   22  700.63324  667.62559  4.71%  12.6 2365s
 1303029 774156  680.25623   91   93  700.63324  667.62559  4.71%  12.6 2370s
 1306140 776113  697.92749   99   63  700.63324  667.62559  4.71%  12.6 2375s
 1309157 777690  694.67088   94   33  700.63324  667.62559  4.71%  12.6 2380s
 1311890 779137  698.10483   87    6  700.63324  667.62559  4.71%  12.6 2385s
 1315275 781104  681.85068  113   25  700.63324  667.62559  4.71%  12.7 2390s
 1318401 782930  683.64176   86   68  700.63324  667.62559  4.71%  12.7 2395s
 1321149 784507  674.47096  102   34  700.63324  667.62559  4.71%  12.7 2400s
 1324172 786080  690.96468  179   29  700.63324  667.62559  4.71%  12.7 2405s
 1327206 787616  695.96285   84   87  700.63324  667.62559  4.71%  12.7 2410s
 1330351 789377  700.35496   91    6  700.63324  667.62559  4.71%  12.7 2415s
 1333222 790928     cutoff   82       700.63324  667.62559  4.71%  12.7 2420s
 1336072 792514  684.97282  103   34  700.63324  667.62559  4.71%  12.7 2425s
 1339342 794392  676.95555  100   26  700.63324  667.62559  4.71%  12.7 2430s
 1342306 795961  673.17789   75  106  700.63324  667.62559  4.71%  12.7 2435s
 1345084 797323  677.22947   98   18  700.63324  667.62559  4.71%  12.7 2440s
 1347893 798723  689.79860   99   10  700.63324  667.62559  4.71%  12.7 2445s
 1350188 799921  672.39273  109   49  700.63324  667.62559  4.71%  12.7 2450s
 1353156 801404  673.00289   88   39  700.63324  667.62559  4.71%  12.7 2455s
 1356341 803235  687.75797  186   14  700.63324  667.62559  4.71%  12.7 2460s
 1359445 804873  688.23190   85   28  700.63324  667.62559  4.71%  12.7 2465s
 1361978 806312  689.68403  157   31  700.63324  667.62559  4.71%  12.7 2470s
 1364929 807767  687.36934   93   32  700.63324  667.62559  4.71%  12.7 2475s
 1367950 809346  674.36506   87   18  700.63324  667.62559  4.71%  12.7 2480s
 1370853 810629  686.30966  111   24  700.63324  667.62559  4.71%  12.7 2485s
 1373894 812366  680.89125  103   20  700.63324  667.62559  4.71%  12.7 2490s
 1377050 814039  689.68373   95  100  700.63324  667.62559  4.71%  12.7 2495s
 1379773 815830  693.88208  137    8  700.63324  667.62559  4.71%  12.7 2500s
 1383135 817408  688.83041  130   25  700.63324  667.62559  4.71%  12.7 2505s
 1385739 818621  686.55068  108   18  700.63324  667.62559  4.71%  12.7 2510s
 1388517 820075 infeasible   87       700.63324  667.62559  4.71%  12.7 2515s
 1391142 821405  675.39884   84   49  700.63324  667.62559  4.71%  12.7 2520s
 1394177 822885  688.77530  100   25  700.63324  667.62559  4.71%  12.7 2525s
 1397019 824492  676.90413  103   50  700.63324  667.62559  4.71%  12.7 2530s
 1399880 826137  680.56355   87   19  700.63324  667.62559  4.71%  12.7 2535s
 1403154 827881  679.12765   94   17  700.63324  667.62559  4.71%  12.7 2540s
 1406373 829675  675.45087   96   16  700.63324  667.62559  4.71%  12.7 2545s
 1409151 831271     cutoff  125       700.63324  667.62559  4.71%  12.7 2550s
 1412208 832919  690.43702  176   64  700.63324  667.62559  4.71%  12.7 2556s
 1415243 834545  693.36477  119   22  700.63324  667.62559  4.71%  12.7 2560s
 1417921 835847     cutoff  107       700.63324  667.62559  4.71%  12.7 2565s
 1421196 837811     cutoff  137       700.63324  667.62559  4.71%  12.7 2570s
 1423757 839047  670.70726   99   29  700.63324  667.62559  4.71%  12.7 2575s
 1426980 840811  698.11427  110   20  700.63324  667.62559  4.71%  12.7 2580s
 1429664 842283  687.80230   97   24  700.63324  667.62559  4.71%  12.7 2585s
 1432654 843765     cutoff  118       700.63324  667.62559  4.71%  12.7 2590s
 1434110 844534  692.28083   93   25  700.63324  667.62559  4.71%  12.7 2595s
 1436737 845757  673.90404  162   63  700.63324  667.62559  4.71%  12.7 2600s
 1440011 847698  698.41318   98   10  700.63324  667.62559  4.71%  12.7 2605s
 1443231 849522  669.23033  105   29  700.63324  667.62559  4.71%  12.7 2610s
 1446401 851202  694.21570  172   27  700.63324  667.62559  4.71%  12.7 2615s
 1448809 852524  678.05379  196   46  700.63324  667.62559  4.71%  12.7 2620s
 1452067 854011  686.17662   81   18  700.63324  667.62559  4.71%  12.7 2625s
 1454887 855414  687.95164  117   45  700.63324  667.62559  4.71%  12.7 2630s
 1457698 856787  694.92730  173   73  700.63324  667.62559  4.71%  12.7 2635s
 1460706 858522 infeasible  104       700.63324  667.62559  4.71%  12.7 2640s
 1463105 859832     cutoff  162       700.63324  667.62559  4.71%  12.7 2645s
 1465513 861092  686.58956   86   20  700.63324  667.62559  4.71%  12.7 2650s
 1468674 862656     cutoff   94       700.63324  667.62559  4.71%  12.7 2655s
 1471682 864496  692.81866   80   44  700.63324  667.62559  4.71%  12.7 2660s
 1474769 866140  689.97335   97    6  700.63324  667.62559  4.71%  12.8 2665s
 1477323 867336  676.50563   76   24  700.63324  667.62559  4.71%  12.8 2670s
 1480452 868972  692.23536  139   13  700.63324  667.62559  4.71%  12.8 2675s
 1483034 870113  695.58534   93   66  700.63324  667.62559  4.71%  12.8 2680s
 1485705 871539  698.00704   81   14  700.63324  667.62559  4.71%  12.8 2685s
 1488511 873138  696.34080   82   10  700.63324  667.62559  4.71%  12.8 2690s
 1491389 874493  700.25330  179   28  700.63324  667.62559  4.71%  12.8 2695s
 1494389 876085  697.43363  116    6  700.63324  667.62559  4.71%  12.8 2700s
 1497375 877707  682.33741   91   37  700.63324  667.62559  4.71%  12.8 2705s
 1500606 879523  684.48753   84   20  700.63324  667.62559  4.71%  12.8 2710s
 1503614 881039  685.79057   93   52  700.63324  667.62559  4.71%  12.8 2715s
 1506094 882418  697.25834   92   37  700.63324  667.62559  4.71%  12.8 2720s
 1509399 884192  677.72378   93   27  700.63324  667.62559  4.71%  12.8 2725s
 1512300 885734  679.67217   94   62  700.63324  667.62559  4.71%  12.8 2730s
 1514905 887088  688.39535   82   45  700.63324  667.62559  4.71%  12.8 2735s
 1518042 888573  675.62709   87   34  700.63324  667.62559  4.71%  12.8 2740s
 1521132 890122  684.75624   95   69  700.63324  667.62559  4.71%  12.8 2745s
 1523730 891518  683.51077   96   29  700.63324  667.62559  4.71%  12.8 2750s
 1527019 893390  682.00185  107   21  700.63324  667.62559  4.71%  12.8 2755s
 1529768 894815     cutoff   91       700.63324  667.62559  4.71%  12.8 2760s
 1532884 896585  696.97133   86   18  700.63324  667.62559  4.71%  12.8 2765s
 1535799 897951  699.65244  117   25  700.63324  667.62559  4.71%  12.8 2770s
 1538520 899423  698.61751   98    6  700.63324  667.62559  4.71%  12.8 2775s
 1540589 900596  690.05467   77   51  700.63324  667.62559  4.71%  12.8 2780s
 1543581 902239  698.94060  224   58  700.63324  667.62559  4.71%  12.8 2785s
 1546811 903701  699.03308   90   74  700.63324  667.62559  4.71%  12.8 2790s
 1549572 905159  683.19946   84   17  700.63324  667.62559  4.71%  12.8 2795s
 1551995 906604  673.50874   90   18  700.63324  667.62559  4.71%  12.8 2800s
 1554754 907983  685.58942   85   23  700.63324  667.62559  4.71%  12.8 2805s
 1557356 909315  697.35257  119   33  700.63324  667.62559  4.71%  12.8 2810s
 1559880 910675     cutoff  130       700.63324  667.62559  4.71%  12.8 2815s
 1563181 912429  680.39260   79   30  700.63324  667.62559  4.71%  12.8 2820s
 1566214 913960  674.47148   85  104  700.63324  667.62559  4.71%  12.8 2825s
 1568755 915252  667.62559   80   19  700.63324  667.62559  4.71%  12.8 2830s
 1571593 916816 infeasible  207       700.63324  667.62559  4.71%  12.8 2835s
 1573973 917962  669.68030  101   60  700.63324  667.62559  4.71%  12.8 2840s
 1576752 919433  688.00855   84    6  700.63324  667.62559  4.71%  12.8 2845s
 1579444 921072  686.60190   98  107  700.63324  667.62559  4.71%  12.8 2850s
 1582311 922580  673.48711   84  100  700.63324  667.62559  4.71%  12.8 2855s
 1583641 923471  674.88958  112   56  700.63324  667.62559  4.71%  12.8 2860s
 1586822 925160     cutoff  265       700.63324  667.62559  4.71%  12.8 2865s
 1589690 926553  667.72166   79   26  700.63324  667.62559  4.71%  12.8 2870s
 1592339 928095  678.03855   89   97  700.63324  667.62559  4.71%  12.8 2875s
 1595372 929741     cutoff   93       700.63324  667.62559  4.71%  12.8 2880s
 1598165 931106  691.23063  134    6  700.63324  667.62559  4.71%  12.8 2886s
 1600069 932229  680.67876   71  140  700.63324  667.62559  4.71%  12.8 2890s
 1602649 933460     cutoff   96       700.63324  667.62559  4.71%  12.8 2895s
 1605472 934884  674.89268   72   55  700.63324  667.62559  4.71%  12.8 2900s
 1608177 936195  698.84355   98   10  700.63324  667.62559  4.71%  12.8 2905s
 1611410 937853  699.33635  122   16  700.63324  667.62559  4.71%  12.8 2910s
 1613971 938997  695.09632  122   24  700.63324  667.62559  4.71%  12.8 2915s
 1615464 939727  689.94605   86   18  700.63324  667.62559  4.71%  12.8 2920s
 1618327 941155 infeasible   82       700.63324  667.62559  4.71%  12.8 2925s
 1621325 942668  682.51323   92   16  700.63324  667.62559  4.71%  12.8 2930s
 1624839 944820  692.42234  300   30  700.63324  667.62559  4.71%  12.8 2935s
 1627821 946297     cutoff   93       700.63324  667.62559  4.71%  12.8 2940s
 1630975 948057  693.98583   89   16  700.63324  667.62559  4.71%  12.8 2945s
 1634322 949775  698.44552  110    8  700.63324  667.62559  4.71%  12.8 2950s
 1637635 951435  676.14977   80   27  700.63324  667.62559  4.71%  12.8 2955s
 1640574 952921     cutoff  102       700.63324  667.62559  4.71%  12.8 2960s
 1643299 954285  676.19694   90   20  700.63324  667.62559  4.71%  12.8 2965s
 1646643 956171  687.39364   85   22  700.63324  667.62559  4.71%  12.8 2970s
 1649363 957640 infeasible   92       700.63324  667.62559  4.71%  12.8 2975s
 1652653 959295  693.47958  123   24  700.63324  667.62559  4.71%  12.8 2980s
 1655706 960684  695.70929  104   35  700.63324  667.62559  4.71%  12.8 2985s
 1658943 962668  690.69284  155   14  700.63324  667.62559  4.71%  12.8 2990s
 1662070 964373  697.74101   98    8  700.63324  667.62559  4.71%  12.8 2995s
 1665237 965952  669.74975   83   42  700.63324  667.62559  4.71%  12.8 3000s
 1668141 967577  679.57612   99   16  700.63324  667.62559  4.71%  12.8 3005s
 1670941 968991  675.88714   87   16  700.63324  667.62559  4.71%  12.8 3010s
 1674030 970607  677.28581   85   28  700.63324  667.62559  4.71%  12.8 3015s
 1677033 972099  677.11833   76   16  700.63324  667.62559  4.71%  12.8 3020s
 1680223 973770  676.05624   96   48  700.63324  667.62559  4.71%  12.8 3025s
 1683027 975202  691.08525   82   85  700.63324  667.62559  4.71%  12.8 3030s
 1685845 976505     cutoff  166       700.63324  667.62559  4.71%  12.8 3035s
 1689002 978106  678.91553   79   12  700.63324  667.62559  4.71%  12.8 3040s
 1691947 979670     cutoff  106       700.63324  667.62559  4.71%  12.8 3045s
 1695049 981165  682.29313  230    8  700.63324  667.62559  4.71%  12.8 3050s
 1698283 982764  689.04731  293    8  700.63324  667.62559  4.71%  12.8 3055s
 1701029 984165  674.82014   88   14  700.63324  667.62559  4.71%  12.8 3060s
 1704248 985890  672.91244   82   26  700.63324  667.62559  4.71%  12.8 3065s
 1707429 987499  670.94422  109   41  700.63324  667.62559  4.71%  12.8 3070s
 1710342 989033 infeasible   77       700.63324  667.62559  4.71%  12.8 3075s
 1713904 990955  687.44353  113    6  700.63324  667.62559  4.71%  12.8 3080s
 1717023 992760  695.76682  121   11  700.63324  667.62559  4.71%  12.8 3085s
 1719896 994410  695.36779   76   14  700.63324  667.62559  4.71%  12.8 3090s
 1722830 995757     cutoff   95       700.63324  667.62559  4.71%  12.8 3095s
 1725534 997142  685.58118   93   22  700.63324  667.62559  4.71%  12.8 3100s
 1728654 998630  667.62559   72   29  700.63324  667.62559  4.71%  12.8 3105s
 1730011 999372  678.59456   91   15  700.63324  667.62559  4.71%  12.8 3110s
 1733232 1000958  690.06432  104   51  700.63324  667.62559  4.71%  12.8 3115s
 1736377 1002706  691.56849   92    6  700.63324  667.62559  4.71%  12.8 3120s
 1739243 1004150  683.33167  103   20  700.63324  667.62559  4.71%  12.8 3125s
 1742389 1005620  676.09445  101   27  700.63324  667.62559  4.71%  12.8 3130s
 1745592 1007245  688.50585  151   28  700.63324  667.62559  4.71%  12.8 3135s
 1747459 1008188  699.45015   82    9  700.63324  667.62559  4.71%  12.8 3140s
 1750555 1009790  680.12049   82   23  700.63324  667.62559  4.71%  12.8 3145s
 1751470 1010302  694.98546   83   14  700.63324  667.62559  4.71%  12.8 3150s
 1754772 1011982  674.59148  107   46  700.63324  667.62559  4.71%  12.8 3155s
 1757921 1013401  694.51593  145   13  700.63324  667.62559  4.71%  12.8 3160s
 1760945 1014842     cutoff  109       700.63324  667.62559  4.71%  12.8 3165s
 1763884 1016220  689.72069   77   36  700.63324  667.62559  4.71%  12.8 3170s
 1766696 1017594  687.86253   77  100  700.63324  667.62559  4.71%  12.8 3175s
 1769741 1019251  674.45187   82   19  700.63324  667.62559  4.71%  12.8 3180s
 1772893 1020876     cutoff  169       700.63324  667.62559  4.71%  12.8 3185s
 1776073 1022563  683.18907   84   28  700.63324  667.62559  4.71%  12.8 3190s
 1778952 1023660  691.32374  104   31  700.63324  667.62559  4.71%  12.9 3195s
 1782331 1025537  689.09176  102   60  700.63324  667.62559  4.71%  12.9 3200s
 1785199 1026844     cutoff   86       700.63324  667.62559  4.71%  12.9 3205s
 1788370 1028444  690.07288  197   18  700.63324  667.62559  4.71%  12.9 3210s
 1791072 1029718  676.24494   95   30  700.63324  667.62559  4.71%  12.9 3215s
 1794462 1031297  674.21142   91   20  700.63324  667.62559  4.71%  12.9 3220s
 1797275 1032839  675.73494   82   10  700.63324  667.62559  4.71%  12.9 3225s
 1800089 1033813     cutoff  173       700.63324  667.62559  4.71%  12.9 3230s
 1802963 1035469  679.79913  179   12  700.63324  667.62559  4.71%  12.9 3235s
 1806291 1037525  696.65519  149    6  700.63324  667.62559  4.71%  12.9 3240s
 1809457 1040018  681.29854  179   59  700.63324  667.62559  4.71%  12.9 3245s
 1812595 1041181     cutoff  184       700.63324  667.62559  4.71%  12.9 3250s
 1815641 1042387  680.07240   82   34  700.63324  667.62559  4.71%  12.9 3255s
 1818676 1043885  685.28691   98   32  700.63324  667.62559  4.71%  12.9 3260s
 1821478 1045290  678.19463  105  112  700.63324  667.62559  4.71%  12.9 3265s
 1824974 1047215  687.20168   87   93  700.63324  667.62559  4.71%  12.9 3270s
 1828109 1048855  684.71985   87   48  700.63324  667.62559  4.71%  12.9 3275s
 1831052 1050250  683.66828  115   18  700.63324  667.62559  4.71%  12.9 3280s
 1833912 1051726  695.96961   95   14  700.63324  667.62559  4.71%  12.9 3285s
 1836862 1053315  686.58657   94   72  700.63324  667.62559  4.71%  12.9 3290s
 1839723 1054700  694.32242  114   10  700.63324  667.62559  4.71%  12.9 3295s
 1843055 1056445  687.20303   86   20  700.63324  667.62559  4.71%  12.9 3300s
 1846071 1057959  699.99835   81   26  700.63324  667.62559  4.71%  12.9 3305s
 1848822 1059427     cutoff   95       700.63324  667.62559  4.71%  12.9 3310s
 1851807 1060789  699.41763   88   35  700.63324  667.62559  4.71%  12.9 3315s
 1854727 1062125  675.90491   70   10  700.63324  667.62559  4.71%  12.9 3320s
 1856910 1063425  682.24452   87   16  700.63324  667.62559  4.71%  12.9 3325s
 1860050 1064818     cutoff  234       700.63324  667.62559  4.71%  12.9 3330s
 1863155 1066387  671.49324   99   55  700.63324  667.62559  4.71%  12.9 3335s
 1866145 1067853     cutoff   84       700.63324  667.62559  4.71%  12.9 3340s
 1869362 1069435  697.44807  110   35  700.63324  667.62559  4.71%  12.9 3345s
 1872183 1070955  680.15052  101   17  700.63324  667.62559  4.71%  12.9 3350s
 1875454 1072712  681.86792   85   95  700.63324  667.62559  4.71%  12.9 3355s
 1878536 1074276     cutoff   92       700.63324  667.62559  4.71%  12.9 3360s
 1881923 1076113  682.24276  117    6  700.63324  667.62559  4.71%  12.9 3365s
 1884633 1077448     cutoff  123       700.63324  667.62559  4.71%  12.9 3370s
 1887952 1079096  678.77730   80   12  700.63324  667.62559  4.71%  12.9 3375s
 1890625 1080366  683.27466  170   78  700.63324  667.62559  4.71%  12.9 3380s
 1893945 1082219  697.89013   97   12  700.63324  667.62559  4.71%  12.9 3385s
 1896979 1083797  675.27391   90   20  700.63324  667.62559  4.71%  12.9 3390s
 1900331 1085562     cutoff   88       700.63324  667.62559  4.71%  12.9 3395s
 1903059 1086842  700.34457   77   12  700.63324  667.62559  4.71%  12.9 3400s
 1906409 1088269  677.64620   91   79  700.63324  667.62559  4.71%  12.9 3405s
 1909686 1090183  677.24276   79   84  700.63324  667.62559  4.71%  12.9 3410s
 1912733 1091729  692.92800   82   18  700.63324  667.62559  4.71%  12.9 3415s
 1915916 1093285  679.71324   81   17  700.63324  667.62559  4.71%  12.9 3420s
 1919056 1095011  685.08290   88   10  700.63324  667.62559  4.71%  12.9 3425s
 1922154 1096617  695.58998  117   19  700.63324  667.62559  4.71%  12.9 3430s
 1925389 1098378  695.07741  106   17  700.63324  667.62559  4.71%  12.9 3435s
 1927863 1099426  678.28395   93   31  700.63324  667.62559  4.71%  12.9 3440s
 1928853 1100160  688.64253  119   27  700.63324  667.62559  4.71%  12.9 3445s
 1931977 1101757  691.51184   75   33  700.63324  667.62559  4.71%  12.9 3450s
 1935197 1103433  684.11700   97   43  700.63324  667.62559  4.71%  12.9 3455s
 1937856 1104981  688.65210   93  110  700.63324  667.62559  4.71%  12.9 3460s
 1941442 1106489  688.08074   81   23  700.63324  667.62559  4.71%  12.9 3465s
 1944461 1107711  692.14238  139   31  700.63324  667.62559  4.71%  12.9 3470s
 1947613 1109040  688.39200  107   13  700.63324  667.62559  4.71%  12.9 3475s
 1950706 1110634  687.51264  192   43  700.63324  667.62559  4.71%  12.9 3480s
 1953316 1112039  689.62945  135   14  700.63324  667.62559  4.71%  12.9 3485s
 1956446 1113731  694.22660   88   18  700.63324  667.62559  4.71%  12.9 3490s
 1959548 1115279  686.67716  135   61  700.63324  667.62882  4.71%  12.9 3495s
 1962281 1116684  690.65019  131   82  700.63324  667.63601  4.71%  12.9 3500s
 1965380 1118272  694.48041   83    6  700.63324  667.64556  4.71%  12.9 3505s
 1968574 1119749  693.57568   94    6  700.63324  667.65555  4.71%  12.9 3510s
 1971781 1121256     cutoff   97       700.63324  667.66412  4.71%  12.9 3515s
 1974526 1122733  674.93654  147   26  700.63324  667.67288  4.70%  12.9 3520s
 1977558 1124071  690.82255   88   26  700.63324  667.68205  4.70%  12.9 3525s
 1980145 1125433  692.67831   92   33  700.63324  667.69064  4.70%  12.9 3530s
 1982933 1126829  694.04589  115   35  700.63324  667.69864  4.70%  12.9 3535s
 1986094 1128535  685.57143   92   38  700.63324  667.70751  4.70%  12.9 3540s
 1989146 1129872     cutoff  106       700.63324  667.72014  4.70%  12.9 3545s
 1991715 1131009  697.63793  110   15  700.63324  667.72942  4.70%  12.9 3550s
 1994668 1132331  688.18990   93   31  700.63324  667.73930  4.69%  12.9 3555s
 1997826 1133934  695.14785  103   22  700.63324  667.74990  4.69%  12.9 3560s
 2000987 1135312  677.87237   93   21  700.63324  667.75729  4.69%  12.9 3565s
 2003600 1136546  697.51778   88   27  700.63324  667.76603  4.69%  12.9 3570s
 2006856 1138322  689.88781  101   10  700.63324  667.77640  4.69%  12.9 3575s
 2010429 1140160     cutoff  115       700.63324  667.78875  4.69%  12.9 3580s
 2013536 1141625  689.71923   98   29  700.63324  667.79757  4.69%  12.9 3585s
 2016822 1143396  696.78744  106   15  700.63324  667.80600  4.69%  12.9 3590s
 2019296 1144671  688.52069   91   10  700.63324  667.81323  4.68%  12.9 3595s
 2022078 1145654     cutoff  298       700.63324  667.82208  4.68%  12.9 3600s
 2025121 1147344  698.22068   99    8  700.63324  667.83044  4.68%  12.9 3605s
 2027889 1148808  694.20258  117   23  700.63324  667.83938  4.68%  12.9 3610s
 2031035 1150237  675.68911   88   14  700.63324  667.84793  4.68%  12.9 3615s
 2034053 1151674  697.89678  100    6  700.63324  667.85911  4.68%  12.9 3620s
 2036937 1152959 infeasible   90       700.63324  667.86872  4.68%  12.9 3625s
 2040494 1154758  681.01425   93   22  700.63324  667.88019  4.67%  12.9 3630s
 2043064 1156103  694.24172  102   57  700.63324  667.89104  4.67%  12.9 3635s
 2046271 1157579  694.08432  106   10  700.63324  667.90072  4.67%  12.9 3640s
 2049361 1159089  694.81650  109   23  700.63324  667.90748  4.67%  12.9 3646s
 2051966 1160455  683.81286   92   14  700.63324  667.91659  4.67%  12.9 3650s
 2055257 1162084  697.83743   95   19  700.63324  667.92624  4.67%  12.9 3655s
 2058687 1163955     cutoff   74       700.63324  667.93731  4.67%  12.9 3660s
 2061619 1165195  668.84065   91   14  700.63324  667.94762  4.67%  12.9 3665s
 2064869 1166963     cutoff   98       700.63324  667.95685  4.66%  12.9 3670s
 2067994 1168661  692.85651  124   46  700.63324  667.96844  4.66%  12.9 3675s
 2070167 1169731  696.29124   95   18  700.63324  667.97554  4.66%  12.9 3680s
 2072695 1170925  693.77440   80    6  700.63324  667.98304  4.66%  12.9 3685s
 2075798 1172393  678.81086   86   80  700.63324  667.99163  4.66%  12.9 3691s
 2077743 1173591     cutoff   78       700.63324  667.99793  4.66%  12.9 3695s
 2080888 1175026  693.38077  121    6  700.63324  668.00826  4.66%  12.9 3700s
 2083970 1176529     cutoff  108       700.63324  668.01956  4.65%  12.9 3705s
 2087023 1177903  696.55787   99   22  700.63324  668.03120  4.65%  12.9 3710s
 2090472 1179797  691.28673   93    6  700.63324  668.04010  4.65%  12.9 3715s
 2092967 1180827  697.66441   88   20  700.63324  668.04617  4.65%  12.9 3720s
 2095829 1182097  672.47783   83   23  700.63324  668.05449  4.65%  12.9 3725s
 2099720 1184831  682.56611  236   15  700.63324  668.05919  4.65%  12.9 3730s
 2102499 1186234  681.68792  123   12  700.63324  668.06859  4.65%  12.9 3735s
 2105638 1188007 infeasible  105       700.63324  668.07690  4.65%  12.9 3740s
 2108554 1189625  690.57112   97   70  700.63324  668.08572  4.65%  12.9 3745s
 2111484 1190978  676.85046  103   23  700.63324  668.09384  4.64%  12.9 3750s
 2114810 1192583  694.38394  136   12  700.63324  668.10141  4.64%  12.9 3755s
 2118026 1194110  696.05771  139   16  700.63324  668.11222  4.64%  12.9 3760s
 2120664 1195438  677.82749   95   60  700.63324  668.11826  4.64%  12.9 3765s
 2123570 1196626  699.90132   99   92  700.63324  668.12606  4.64%  12.9 3770s
 2126734 1197621  695.43763  139   12  700.63324  668.13340  4.64%  12.9 3775s
 2129827 1199084     cutoff   87       700.63324  668.14257  4.64%  12.9 3780s
 2132855 1200557  692.72422  125   39  700.63324  668.15294  4.64%  12.9 3785s
 2135470 1201701  677.79449   89   33  700.63324  668.16023  4.63%  12.9 3790s
 2138153 1203023 infeasible   88       700.63324  668.16888  4.63%  12.9 3795s
 2141020 1204355  693.31814  113   29  700.63324  668.17797  4.63%  12.9 3800s
 2144301 1205727  678.85658   77   25  700.63324  668.18827  4.63%  12.9 3805s
 2147013 1207094  670.62023  102   34  700.63324  668.19796  4.63%  12.9 3810s
 2150300 1208685  679.18707  122   18  700.63324  668.20775  4.63%  12.9 3815s
 2153167 1209982  698.21251   97    6  700.63324  668.21859  4.63%  12.9 3820s
 2156384 1211522  688.79605   90    6  700.63324  668.22756  4.63%  12.9 3825s
 2159567 1212892  698.66960   95   72  700.63324  668.23919  4.62%  12.9 3830s
 2162668 1214624     cutoff   99       700.63324  668.24598  4.62%  12.9 3835s
 2165422 1215970  687.07768  107   10  700.63324  668.25338  4.62%  12.9 3840s
 2168069 1217194  672.43861  124   80  700.63324  668.26263  4.62%  12.9 3845s
 2171350 1218818  681.31237   85   12  700.63324  668.27314  4.62%  12.9 3850s
 2174066 1220050  694.69829   83   22  700.63324  668.28315  4.62%  12.9 3855s
 2177200 1221513  681.48406  115   35  700.63324  668.29279  4.62%  12.9 3860s
 2179727 1222633     cutoff  258       700.63324  668.30035  4.61%  12.9 3865s
 2182957 1223980 infeasible   83       700.63324  668.31014  4.61%  12.9 3870s
 2185483 1225155  676.74890   93   26  700.63324  668.31782  4.61%  12.9 3875s
 2187936 1226431  691.92079  110   42  700.63324  668.32553  4.61%  12.9 3880s
 2190164 1227549  677.66884   98   12  700.63324  668.33135  4.61%  12.9 3885s
 2193221 1229130     cutoff  104       700.63324  668.34053  4.61%  12.9 3890s
 2196377 1230564  696.33993   83   20  700.63324  668.35078  4.61%  12.9 3895s
 2199004 1231731  672.81274   86   66  700.63324  668.35857  4.61%  12.9 3900s
 2202121 1233116  686.24939   90   27  700.63324  668.36843  4.61%  12.9 3905s
 2205418 1234593  697.83216  106    6  700.63324  668.37788  4.60%  12.9 3910s
 2206560 1235207 infeasible   82       700.63324  668.38075  4.60%  12.9 3915s
 2209748 1236658  698.32285  119    6  700.63324  668.39229  4.60%  12.9 3920s
 2212951 1238116 infeasible  158       700.63324  668.40258  4.60%  12.9 3925s
 2216235 1239628 infeasible   86       700.63324  668.41148  4.60%  12.9 3930s
 2219148 1240786  668.90119   80   28  700.63324  668.41947  4.60%  12.9 3935s
 2221632 1241883  698.80682   91    6  700.63324  668.42698  4.60%  12.9 3940s
 2224923 1243591  695.58594  142   19  700.63324  668.43644  4.60%  12.9 3945s
 2227685 1244901 infeasible   87       700.63324  668.44360  4.59%  12.9 3950s
 2230347 1246119  672.20887   85   25  700.63324  668.45075  4.59%  12.9 3955s
 2233561 1247781  685.83186   86   40  700.63324  668.46104  4.59%  12.9 3960s
 2236781 1249312  670.06167   85   26  700.63324  668.47185  4.59%  12.9 3965s
 2239385 1250434  696.68355   98    9  700.63324  668.48070  4.59%  12.9 3970s
 2242738 1252202  693.92333  143   15  700.63324  668.48988  4.59%  12.9 3975s
 2245887 1253848  684.84050  288   29  700.63324  668.49892  4.59%  12.9 3980s
 2249164 1255539  692.80725  139   85  700.63324  668.50887  4.59%  12.9 3985s
 2251757 1256779  697.59316  100   63  700.63324  668.51581  4.58%  12.9 3990s
 2254619 1258082  694.30953   93    6  700.63324  668.52445  4.58%  12.9 3995s
 2257149 1259102  680.28091  107   43  700.63324  668.53153  4.58%  12.9 4000s
 2260355 1260411  684.69560  109   33  700.63324  668.54009  4.58%  12.9 4005s
 2263548 1262049 infeasible   96       700.63324  668.55012  4.58%  12.9 4010s
 2266607 1263638  691.05747   82   16  700.63324  668.55836  4.58%  12.9 4015s
 2269616 1264730  697.14033  268   69  700.63324  668.56522  4.58%  12.9 4020s
 2272678 1266242  679.99490  107   56  700.63324  668.57404  4.58%  12.9 4025s
 2275233 1267645  700.08967   92   34  700.63324  668.58197  4.57%  12.9 4030s
 2278503 1269121     cutoff   77       700.63324  668.59059  4.57%  12.9 4035s
 2281373 1270538  696.07890  118    8  700.63324  668.59775  4.57%  12.9 4040s
 2284351 1271922  688.42700  218   56  700.63324  668.60778  4.57%  12.9 4045s
 2287062 1273059  679.34402   81   31  700.63324  668.61380  4.57%  12.9 4050s
 2290065 1274501  696.26908  130   24  700.63324  668.62258  4.57%  12.9 4055s
 2292443 1275497  688.46643  159    6  700.63324  668.62832  4.57%  12.9 4060s
 2295186 1277103  674.11088   81   39  700.63324  668.63660  4.57%  12.9 4065s
 2298227 1278361  680.49710  102  115  700.63324  668.64392  4.57%  12.9 4070s
 2301457 1280021  695.38604   89    6  700.63324  668.65291  4.56%  12.9 4075s
 2304141 1281316  676.48592   99   22  700.63324  668.66054  4.56%  12.9 4080s
 2307694 1283061  685.25855   91   12  700.63324  668.67029  4.56%  12.9 4085s
 2310819 1284506  684.61749   81   17  700.63324  668.67888  4.56%  12.9 4090s
 2313654 1285996  675.07248  116   56  700.63324  668.68532  4.56%  12.9 4095s
 2316768 1287318     cutoff   97       700.63324  668.69291  4.56%  12.9 4100s
 2319882 1288763  690.02506   93    8  700.63324  668.70235  4.56%  12.9 4105s
 2322947 1290272     cutoff   92       700.63324  668.71091  4.56%  12.9 4110s
 2326194 1291835  691.19368  104   35  700.63324  668.71809  4.56%  12.9 4115s
 2329044 1293341  678.95246   94   43  700.63324  668.72437  4.55%  12.9 4120s
 2332205 1294789  681.36230   81   79  700.63324  668.73345  4.55%  12.9 4125s
 2335131 1296278  686.61183  125   47  700.63324  668.74064  4.55%  12.9 4130s
 2338394 1297832  683.41830  133    8  700.63324  668.75080  4.55%  12.9 4135s
 2340005 1298770  677.84602   96   24  700.63324  668.75550  4.55%  12.9 4140s
 2343153 1300427  689.14529   97   51  700.63324  668.76340  4.55%  12.9 4145s
 2346114 1301702     cutoff   92       700.63324  668.77108  4.55%  12.9 4150s
 2348902 1303003  675.35826   80   10  700.63324  668.77781  4.55%  12.9 4155s
 2352299 1304766  687.79560  100   45  700.63324  668.78888  4.55%  12.9 4160s
 2355107 1305937     cutoff  111       700.63324  668.79718  4.54%  12.9 4165s
 2358213 1307265  682.28966   88   18  700.63324  668.80875  4.54%  12.9 4170s
 2361361 1308555  697.41009  106   46  700.63324  668.81708  4.54%  12.9 4175s
 2364403 1309823  690.08044  135    8  700.63324  668.82581  4.54%  12.9 4180s
 2367109 1311162  690.31469   82   14  700.63324  668.83499  4.54%  12.9 4185s
 2370486 1312868  689.33897  144   14  700.63324  668.84346  4.54%  12.9 4190s
 2373160 1314044  680.26398  122   74  700.63324  668.85192  4.54%  12.9 4195s
 2376514 1315792  678.69625   88   12  700.63324  668.86061  4.53%  12.9 4200s
 2379519 1317239  688.56931  104    6  700.63324  668.86956  4.53%  12.9 4205s
 2382312 1318702  695.74528  176   12  700.63324  668.87637  4.53%  12.9 4210s
 2384088 1319505  690.55503   89   24  700.63324  668.88197  4.53%  12.9 4215s
 2386904 1321035  675.39611  101   46  700.63324  668.88931  4.53%  12.9 4220s
 2390104 1322423  685.75803   92   12  700.63324  668.89876  4.53%  12.9 4225s
 2393270 1323791  676.57664   88   14  700.63324  668.90614  4.53%  12.9 4230s
 2396388 1325138  698.66081  119   36  700.63324  668.91629  4.53%  12.9 4235s
 2399333 1326583  694.11770   98    6  700.63324  668.92471  4.53%  12.9 4240s
 2402108 1327687  692.38507  119   13  700.63324  668.93274  4.52%  12.9 4245s
 2405219 1328633  690.08638   89   15  700.63324  668.94068  4.52%  12.9 4250s
 2407936 1329411  695.45638  125    6  700.63324  668.94643  4.52%  12.9 4255s
 2411055 1330930 infeasible  119       700.63324  668.95389  4.52%  12.9 4260s
 2414015 1332290  685.49236  143    6  700.63324  668.96080  4.52%  12.9 4265s
 2417361 1333918     cutoff   90       700.63324  668.96992  4.52%  12.9 4270s
 2420628 1335435  678.55825   78   54  700.63324  668.97986  4.52%  12.9 4275s
 2423583 1336162  700.27233  101   16  700.63324  668.98812  4.52%  12.9 4280s
 2426143 1337610  672.11153   89   28  700.63324  668.99406  4.52%  12.9 4285s
 2429023 1338880  686.12559   83   14  700.63324  669.00149  4.51%  12.9 4290s
 2432088 1340412  686.17127  156    8  700.63324  669.00909  4.51%  12.9 4295s
 2434364 1341614  671.29930   77   48  700.63324  669.01409  4.51%  12.9 4300s
 2437845 1343423  685.29804  153    6  700.63324  669.02266  4.51%  12.9 4305s
 2440990 1344862  690.01293  129    9  700.63324  669.03156  4.51%  12.9 4310s
 2443780 1346072  699.44717   86   22  700.63324  669.03960  4.51%  12.9 4315s
 2446624 1347221  676.29372   85   15  700.63324  669.04787  4.51%  12.9 4320s
 2449999 1348564  674.46263  100   24  700.63324  669.05725  4.51%  12.9 4325s
 2452972 1350181 infeasible  104       700.63324  669.06462  4.51%  12.9 4330s
 2455894 1351512 infeasible   93       700.63324  669.07239  4.50%  12.9 4335s
 2459130 1353237     cutoff  100       700.63324  669.08020  4.50%  12.9 4340s
 2462091 1354609     cutoff  109       700.63324  669.09019  4.50%  12.9 4345s
 2464842 1355916  675.04067  106   28  700.63324  669.09898  4.50%  12.9 4350s
 2467833 1357242  688.46914  122   68  700.63324  669.10906  4.50%  12.9 4355s
 2470931 1358226  690.90900  101   25  700.63324  669.11841  4.50%  12.9 4362s
 2472261 1359238  693.85520   78   95  700.63324  669.12151  4.50%  12.9 4365s
 2474771 1360617  685.94150   83   22  700.63324  669.12575  4.50%  12.9 4370s
 2477720 1362076 infeasible  139       700.63324  669.13355  4.50%  12.9 4375s
 2480445 1363332  672.18976   87   56  700.63324  669.14062  4.49%  12.9 4380s
 2483727 1364464  690.98428   78   15  700.63324  669.14987  4.49%  12.9 4385s
 2486922 1365909  698.66863   93   10  700.63324  669.15865  4.49%  12.9 4390s
 2489652 1367005     cutoff   85       700.63324  669.16711  4.49%  12.9 4395s
 2492740 1368340  695.18055  377   23  700.63324  669.17636  4.49%  12.9 4400s
 2495862 1369973  680.99405   96    6  700.63324  669.18461  4.49%  12.9 4405s
 2499047 1371260  692.31163  105    8  700.63324  669.19313  4.49%  12.9 4410s
 2501720 1372478  674.17356   96   22  700.63324  669.20052  4.49%  12.9 4415s
 2504939 1374089  674.54066  146   88  700.63324  669.20871  4.49%  12.9 4420s
 2507688 1375268  699.64187   96   12  700.63324  669.21581  4.48%  12.9 4425s
 2510978 1376601     cutoff   92       700.63324  669.22656  4.48%  12.9 4431s
 2513434 1378028  692.13557  100    6  700.63324  669.23227  4.48%  12.9 4435s
 2516235 1379413  677.73383  101   36  700.63324  669.23830  4.48%  12.9 4440s
 2519231 1380771  697.10970   87   71  700.63324  669.24765  4.48%  12.9 4445s
 2521533 1382195  695.06215   80   34  700.63324  669.25215  4.48%  12.9 4450s
 2523665 1383286  690.96046  112   16  700.63324  669.25874  4.48%  12.9 4455s

Gurobi 9.5.2 (linux64, gurobi_cl) logging started Fri Jan 13 00:52:07 2023

Set parameter Username
Set parameter LogFile to value "gurobi.log"
Academic license - for non-commercial use only - expires 2023-10-14
Using license file /home/user/gurobi.lic

Gurobi Optimizer version 9.5.2 build v9.5.2rc0 (linux64)
Copyright (c) 2022, Gurobi Optimization, LLC

Read LP format model from file /tmp/f7ae0d175f2746009f6b723bfd4226f1-pulp.lp
Reading time = 0.02 seconds
OBJ: 3601 rows, 3659 columns, 17525 nonzeros
Thread count: 3 physical cores, 3 logical processors, using up to 3 threads
Optimize a model with 3601 rows, 3659 columns and 17525 nonzeros
Model fingerprint: 0x3b4f165e
Variable types: 59 continuous, 3600 integer (3600 binary)
Coefficient statistics:
  Matrix range     [1e+00, 6e+01]
  Objective range  [2e+00, 2e+02]
  Bounds range     [1e+00, 1e+00]
  RHS range        [1e+00, 6e+01]
Presolve removed 59 rows and 60 columns
Presolve time: 0.03s
Presolved: 3542 rows, 3599 columns, 17232 nonzeros
Variable types: 58 continuous, 3541 integer (3541 binary)

Root relaxation: objective 5.455230e+02, 240 iterations, 0.01 seconds (0.01 work units)

    Nodes    |    Current Node    |     Objective Bounds      |     Work
 Expl Unexpl |  Obj  Depth IntInf | Incumbent    BestBd   Gap | It/Node Time

     0     0  545.52303    0  100          -  545.52303      -     -    0s
     0     0  707.31908    0  131          -  707.31908      -     -    0s
     0     0  708.36930    0  129          -  708.36930      -     -    0s
     0     0  708.36930    0  129          -  708.36930      -     -    0s
     0     0  718.45755    0  110          -  718.45755      -     -    0s
     0     0  723.97949    0  124          -  723.97949      -     -    0s
     0     0  724.09329    0  129          -  724.09329      -     -    0s
     0     0  724.09329    0  129          -  724.09329      -     -    0s
     0     0  728.68679    0  117          -  728.68679      -     -    0s
     0     0  730.26625    0  118          -  730.26625      -     -    0s
     0     0  731.13024    0  117          -  731.13024      -     -    0s
     0     0  731.13024    0  117          -  731.13024      -     -    0s
     0     0  732.36339    0  121          -  732.36339      -     -    0s
     0     0  732.38135    0  122          -  732.38135      -     -    0s
     0     0  732.86465    0  123          -  732.86465      -     -    0s
H    0     0                     961.5013350  732.86465  23.8%     -    1s
     0     0  732.86465    0  123  961.50134  732.86465  23.8%     -    1s
     0     0  732.86465    0  121  961.50134  732.86465  23.8%     -    1s
H    0     2                     878.4656747  736.55519  16.2%     -    3s
     0     2  736.55519    0  121  878.46567  736.55519  16.2%     -    3s
H  916   882                     873.1173241  736.55519  15.6%   8.8    4s
   917   883  737.31490    5  121  873.11732  736.55519  15.6%   8.8    5s
   946   902  865.09366   67  129  873.11732  738.94846  15.4%   8.6   10s
H  974   879                     833.4366555  741.57181  11.0%  12.7   15s
  1677  1218     cutoff  111       833.43666  741.57181  11.0%  22.7   20s
H 2193  1242                     827.3021183  741.57181  10.4%  23.5   23s
  2749  1430  821.67198   24   61  827.30212  741.57181  10.4%  22.2   25s
  4885  3053  806.08381  116   36  827.30212  746.14254  9.81%  20.0   30s
  7182  4702  802.88382   69   84  827.30212  755.42497  8.69%  19.4   35s
H 8851  5330                     821.3537488  757.41412  7.78%  20.5   38s
  8855  5330  800.45901   47  112  821.35375  757.41412  7.78%  20.5   40s
  8921  5375  780.21169   24  100  821.35375  764.72894  6.89%  20.9   45s
  8956  5403  770.01632   35  115  821.35375  770.01632  6.25%  21.2   50s
H 9012  5168                     797.1412507  770.43737  3.35%  21.4   54s
  9111  5209  783.16621   60   31  797.14125  770.43737  3.35%  21.5   55s
  9820  5376  781.28183  181   18  797.14125  770.43737  3.35%  21.1   61s
H 9839  5076                     792.7481574  770.43737  2.81%  21.1   61s
 11192  5780  775.96159   94   35  792.74816  770.76335  2.77%  19.6   65s
 13357  6738  779.63550   55   68  792.74816  771.20120  2.72%  18.7   70s
*15681  7185             147     791.5957939  771.62240  2.52%  18.3   74s
 16021  7264  790.48338   67   75  791.59579  771.67030  2.52%  18.3   75s
H17774  7348                     791.4013390  771.80457  2.48%  18.0   78s
 17794  7362  778.37866   53  115  791.40134  771.80457  2.48%  18.0   80s
 17816  7379  771.80457   53  102  791.40134  771.80457  2.48%  18.2   85s
 18369  7496     cutoff   59       791.40134  771.80457  2.48%  18.5   90s
 19626  7836  776.88709   87   54  791.40134  772.06405  2.44%  19.1   95s
 22054  8427  778.73089   87   41  791.40134  772.93147  2.33%  19.6  100s
 24954  9351     cutoff   63       791.40134  773.68546  2.24%  19.5  105s
 27915  9998     cutoff  101       791.40134  774.07375  2.19%  19.2  110s
 30536 10425  776.55711   60   64  791.40134  774.47704  2.14%  19.2  115s
 33366 11178  777.00029   80   88  791.40134  774.80365  2.10%  19.0  120s
 35825 11536  787.89309   60  121  791.40134  775.02239  2.07%  18.7  130s
 35847 11551  780.22579   79  116  791.40134  775.02239  2.07%  18.7  135s
 35864 11562  786.30894   69  106  791.40134  775.02239  2.07%  18.7  140s
 35877 11571  787.45638   93  120  791.40134  775.02239  2.07%  18.7  145s
 35885 11577  775.02239   62  143  791.40134  775.02239  2.07%  18.8  150s
 36091 11603  790.55036   80  113  791.40134  775.02239  2.07%  19.0  155s
 36574 11768  782.49798   98   24  791.40134  775.02239  2.07%  19.1  160s
 37881 12059  781.17094   82   69  791.40134  775.02239  2.07%  19.4  165s
 39745 12567  781.72329  118   65  791.40134  775.02239  2.07%  19.7  170s
 42383 13290  785.93028   89   49  791.40134  775.02239  2.07%  20.0  175s
 46663 14810  789.20121   76   86  791.40134  775.30875  2.03%  19.3  180s
 51067 16412  784.67011   86   39  791.40134  775.53785  2.00%  18.6  185s
 54711 17713  776.41901  115   72  791.40134  775.79928  1.97%  18.3  190s
 58829 19019  784.60694   93   42  791.40134  776.01849  1.94%  17.9  195s
 62999 20795  782.47667  171   24  791.40134  776.15525  1.93%  17.4  200s
 66987 22089  787.03655   98   36  791.40134  776.30429  1.91%  17.2  205s
 71675 24505  782.55151  120    6  791.40134  776.40688  1.89%  16.7  210s
 75044 26572  780.87211  125   56  791.40134  776.48529  1.88%  16.5  216s
 77229 28135 infeasible   78       791.40134  776.54563  1.88%  16.4  220s
 80004 29890  777.05718   79   50  791.40134  776.61214  1.87%  16.2  225s
 82521 31547  779.00501  155   73  791.40134  776.65025  1.86%  16.1  230s
 86593 34230  785.36732  118   36  791.40134  776.72451  1.85%  15.8  235s
 90018 36321  781.46751  113  114  791.40134  776.78609  1.85%  15.7  240s
 93462 38644     cutoff  107       791.40134  776.85346  1.84%  15.6  245s
 97064 40817  780.75186  104    6  791.40134  776.92669  1.83%  15.5  250s
 100848 42954     cutoff  102       791.40134  776.99031  1.82%  15.4  255s
 105047 45475  781.71280  125   57  791.40134  777.04832  1.81%  15.3  260s
 108864 47904  787.38786  105    6  791.40134  777.09692  1.81%  15.1  265s
 112304 49984  785.21089  123   12  791.40134  777.12964  1.80%  15.1  270s
 116739 52573  782.41612   82   26  791.40134  777.18292  1.80%  15.0  275s
 120515 55090 infeasible  122       791.40134  777.22285  1.79%  14.9  280s
 122914 56474  778.68933   80   54  791.40134  777.25762  1.79%  14.9  285s
 126740 58994  777.57276   84    6  791.40134  777.30684  1.78%  14.8  290s
 130249 60936  780.84618  118    6  791.40134  777.33944  1.78%  14.7  295s
 133380 63062  781.25297  104   27  791.40134  777.38683  1.77%  14.6  300s
 137104 65494  783.97722   95   16  791.40134  777.43884  1.76%  14.5  305s
 141207 67870  781.35790   95   35  791.40134  777.48652  1.76%  14.5  310s
 145405 70468  781.91030   92   15  791.40134  777.53545  1.75%  14.4  315s
 149572 73217  782.76592   81   81  791.40134  777.57800  1.75%  14.2  320s
 153628 75321  783.71163  138   73  791.40134  777.61742  1.74%  14.2  325s
 157673 77928  781.80017   86   38  791.40134  777.66441  1.74%  14.1  330s
 161480 80009  779.36125  114    8  791.40134  777.70494  1.73%  14.0  335s
 165325 82115  785.02254  114   11  791.40134  777.74329  1.73%  14.0  340s
 169400 84553     cutoff  109       791.40134  777.78708  1.72%  13.9  345s
 173053 86695  782.74550  102   34  791.40134  777.82458  1.72%  13.9  350s
 176741 88669     cutoff   90       791.40134  777.85985  1.71%  13.8  355s
 181214 91363  783.41985  136   21  791.40134  777.89793  1.71%  13.8  360s
 185060 93610  790.95934  161   10  791.40134  777.93601  1.70%  13.7  365s
 187860 95227  786.82652   92   10  791.40134  777.96382  1.70%  13.7  370s
 190402 96739  789.13287   97   12  791.40134  777.99114  1.69%  13.7  375s
 193649 98557  784.40032   89   44  791.40134  778.02753  1.69%  13.7  380s
 197577 100770  783.28784   76   39  791.40134  778.06463  1.69%  13.6  385s
 201499 103104  788.47171  115    6  791.40134  778.10706  1.68%  13.6  390s
 205509 105229     cutoff   89       791.40134  778.14424  1.68%  13.6  395s
 209701 107658  778.86879   89    6  791.40134  778.18456  1.67%  13.5  400s
 213394 109504  783.54162  110   89  791.40134  778.21171  1.67%  13.5  405s
 217297 111946     cutoff  154       791.40134  778.24399  1.66%  13.5  410s
 220892 114038  787.69209  112   49  791.40134  778.27643  1.66%  13.5  415s
 224331 116021  781.41091  107   30  791.40134  778.30316  1.66%  13.4  420s
 228207 117953  790.03189   99   24  791.40134  778.34169  1.65%  13.4  425s
 231691 119828  780.21868  122   53  791.40134  778.37216  1.65%  13.4  430s
 234350 121308  778.88562   86    6  791.40134  778.40098  1.64%  13.4  435s
 238053 123248  778.78703  100    9  791.40134  778.43111  1.64%  13.4  440s
 241694 125191  783.10110   92   56  791.40134  778.45874  1.64%  13.4  445s
 245765 127257  781.63874   93   42  791.40134  778.49881  1.63%  13.4  450s
 249298 129098  788.82309  124   14  791.40134  778.53391  1.63%  13.4  455s
 252804 130747  790.37007  108   30  791.40134  778.56750  1.62%  13.4  460s
 255832 132473  787.34535   96   54  791.40134  778.58936  1.62%  13.4  465s
 259971 134779  786.67588  115   72  791.40134  778.62738  1.61%  13.3  470s
 263748 136692     cutoff  157       791.40134  778.65977  1.61%  13.3  475s
 267673 138709  782.85964  100   77  791.40134  778.69129  1.61%  13.3  480s
 270627 140284  779.60242   78   16  791.40134  778.71208  1.60%  13.3  485s
 274008 142016     cutoff  133       791.40134  778.73458  1.60%  13.3  490s
 276913 143578  781.21106   91   87  791.40134  778.75500  1.60%  13.2  495s
 280894 145790  784.74905  111   31  791.40134  778.78498  1.59%  13.2  500s
 284776 147721     cutoff  137       791.40134  778.81270  1.59%  13.2  505s
 288342 149684  786.87032   92   50  791.40134  778.83682  1.59%  13.2  510s
 292411 151520     cutoff  102       791.40134  778.86639  1.58%  13.2  515s
 296273 153480  785.88257  119   21  791.40134  778.90550  1.58%  13.2  520s
 300016 155070  783.11214   87   35  791.40134  778.93321  1.58%  13.2  526s
 300019 156626  783.21637   88   30  791.40134  778.93391  1.58%  13.2  530s
 306516 158881  779.93275   80   40  791.40134  778.98134  1.57%  13.2  535s
 308915 160057  782.48935   89   36  791.40134  778.99720  1.57%  13.2  540s
 312994 162179  787.89969  131    8  791.40134  779.02863  1.56%  13.2  545s
 316791 164088  791.24871   88   12  791.40134  779.05123  1.56%  13.2  550s
 320951 166093  783.69744  100    6  791.40134  779.08290  1.56%  13.1  555s
 323683 167325  784.94622  129   44  791.40134  779.10623  1.55%  13.1  560s
 327566 169106  788.17991  101   46  791.40134  779.13704  1.55%  13.1  565s
 331893 171374  779.41662  102   37  791.40134  779.16647  1.55%  13.1  570s
 335769 173303     cutoff  106       791.40134  779.18878  1.54%  13.1  575s
 339277 175058  785.41679   89   10  791.40134  779.21456  1.54%  13.1  580s
 343449 177053     cutoff  125       791.40134  779.24352  1.54%  13.1  585s
 347234 179102     cutoff  107       791.40134  779.26504  1.53%  13.1  590s
 351522 181309  783.73303  103   48  791.40134  779.28955  1.53%  13.1  595s
 354692 182978     cutoff  148       791.40134  779.30672  1.53%  13.1  600s
 358721 185112  788.61796   96   18  791.40134  779.32905  1.53%  13.1  605s
 362567 186986     cutoff  110       791.40134  779.35020  1.52%  13.1  610s
 366464 188946 infeasible   97       791.40134  779.37849  1.52%  13.1  615s
 370267 190928  780.57713  155   15  791.40134  779.39988  1.52%  13.0  620s
 373967 193069     cutoff   89       791.40134  779.42225  1.51%  13.0  625s
 377843 194851  783.92513   90   20  791.40134  779.44803  1.51%  13.0  630s
 381406 196558  786.53444   88   43  791.40134  779.47213  1.51%  13.0  635s
 385553 198610  783.34590  115   27  791.40134  779.49064  1.51%  13.0  640s
 389152 200462     cutoff  108       791.40134  779.50942  1.50%  13.0  645s
 392291 201984     cutoff  101       791.40134  779.52472  1.50%  13.0  650s
 396183 203957  781.45800   80   17  791.40134  779.54569  1.50%  13.0  655s
 400196 206194  787.65000   97   22  791.40134  779.56728  1.50%  13.0  660s
 402893 207405     cutoff  143       791.40134  779.58262  1.49%  13.0  665s
 406477 209213     cutoff   91       791.40134  779.60377  1.49%  13.0  670s
 410125 211042  788.53384   93   24  791.40134  779.62137  1.49%  13.0  675s
 414145 213142  782.30657   91   26  791.40134  779.64333  1.49%  13.0  680s
 418035 214936  784.43680  133   10  791.40134  779.66529  1.48%  13.0  685s
 420955 216207  785.02690  111    6  791.40134  779.68101  1.48%  13.0  690s
 425176 218208  782.58532   87   12  791.40134  779.70441  1.48%  13.0  695s
 428821 219934  783.09942  122    6  791.40134  779.72507  1.48%  13.0  701s
 431522 221209  789.92210  118    6  791.40134  779.74311  1.47%  13.0  705s
 435343 222858     cutoff  117       791.40134  779.76016  1.47%  13.0  710s
 439203 224753  784.65879  110   37  791.40134  779.78103  1.47%  13.0  715s
 442455 226123  786.73200   88   40  791.40134  779.79599  1.47%  13.0  720s
 446620 228328  782.63368  159   23  791.40134  779.81658  1.46%  13.0  725s
 450527 230093  781.05954  109   55  791.40134  779.83417  1.46%  13.0  730s
 454203 231948  786.13842   87   62  791.40134  779.85126  1.46%  13.0  735s
 458145 233855  785.93561  123    6  791.40134  779.86763  1.46%  13.0  740s
 461803 235810  781.62504  116   28  791.40134  779.88441  1.46%  13.0  745s
 465567 237792  782.53797   94   43  791.40134  779.90055  1.45%  13.0  750s
 469448 239577  787.29873  114   18  791.40134  779.92097  1.45%  13.0  755s
 473143 241260  786.73959   98   19  791.40134  779.94066  1.45%  13.0  760s
 476305 242490     cutoff  142       791.40134  779.95612  1.45%  13.0  765s
 478627 243798  780.14540   99   61  791.40134  779.96687  1.44%  13.0  770s
 481956 245489  787.59228  103   70  791.40134  779.98117  1.44%  13.0  775s
 485769 247341     cutoff  104       791.40134  780.00023  1.44%  13.0  780s
 489780 249280  781.21513   93   18  791.40134  780.01755  1.44%  13.0  785s
 493032 250583     cutoff  117       791.40134  780.03591  1.44%  13.0  790s
 496600 252485  788.26112  104   28  791.40134  780.05268  1.43%  13.0  795s
 500347 254293  785.74643   91   17  791.40134  780.06747  1.43%  13.0  800s
 504318 256266  783.35332   96   20  791.40134  780.08714  1.43%  13.0  805s
 508347 258356  783.70135   87   36  791.40134  780.10403  1.43%  13.0  810s
 511967 260172  782.71242  128   27  791.40134  780.11946  1.43%  13.0  815s
 515478 261871     cutoff  115       791.40134  780.13477  1.42%  13.0  820s
 519228 263776  788.12679   92   47  791.40134  780.14971  1.42%  13.0  825s
 523184 265742  785.31384   90   18  791.40134  780.16436  1.42%  13.0  830s
 527231 267686  784.12883   95    6  791.40134  780.18232  1.42%  13.0  835s
 530381 268422  790.36719  102    6  791.40134  780.19032  1.42%  13.0  840s
 534340 270290     cutoff  101       791.40134  780.20485  1.41%  13.0  845s
 537970 271622  781.00413   73   21  791.40134  780.21918  1.41%  13.0  850s
 542012 273642  786.16524  106    6  791.40134  780.23529  1.41%  13.0  855s
 545544 275184  786.12293  134   21  791.40134  780.24842  1.41%  13.0  860s
 549150 276970  784.82802   94   24  791.40134  780.26353  1.41%  13.0  865s
 552875 278793  787.12486  115   62  791.40134  780.27736  1.41%  13.0  870s
 556407 280370  788.18399  127   12  791.40134  780.29135  1.40%  13.0  875s
 560362 282133     cutoff  101       791.40134  780.30754  1.40%  13.0  880s
 563919 283786  785.37279  119   34  791.40134  780.32106  1.40%  13.0  885s
 567541 285483     cutoff  109       791.40134  780.33755  1.40%  13.0  890s
 570695 286592  783.66375   84   24  791.40134  780.34831  1.40%  13.0  895s
 574705 288525  786.29200  110    6  791.40134  780.36353  1.39%  13.0  900s
 577775 289982  781.44061  106   49  791.40134  780.37284  1.39%  13.0  905s
 580407 291228  785.07044   90   68  791.40134  780.38281  1.39%  13.0  910s
 582722 292286  783.36746   84   30  791.40134  780.39238  1.39%  13.0  915s

Gurobi 9.5.2 (linux64, gurobi_cl) logging started Fri Jan 13 01:07:32 2023

Set parameter Username
Set parameter LogFile to value "gurobi.log"
Academic license - for non-commercial use only - expires 2023-10-14
Using license file /home/user/gurobi.lic

Gurobi Optimizer version 9.5.2 build v9.5.2rc0 (linux64)
Copyright (c) 2022, Gurobi Optimization, LLC

Read LP format model from file /tmp/9210751b1488431a9f822b5bab258630-pulp.lp
Reading time = 0.02 seconds
OBJ: 3601 rows, 3659 columns, 17525 nonzeros
Thread count: 3 physical cores, 3 logical processors, using up to 3 threads
Optimize a model with 3601 rows, 3659 columns and 17525 nonzeros
Model fingerprint: 0x5f66daab
Variable types: 59 continuous, 3600 integer (3600 binary)
Coefficient statistics:
  Matrix range     [1e+00, 6e+01]
  Objective range  [1e+00, 2e+02]
  Bounds range     [1e+00, 1e+00]
  RHS range        [1e+00, 6e+01]
Presolve removed 59 rows and 60 columns
Presolve time: 0.04s
Presolved: 3542 rows, 3599 columns, 17232 nonzeros
Variable types: 58 continuous, 3541 integer (3541 binary)

Root relaxation: objective 5.974755e+02, 220 iterations, 0.01 seconds (0.01 work units)

    Nodes    |    Current Node    |     Objective Bounds      |     Work
 Expl Unexpl |  Obj  Depth IntInf | Incumbent    BestBd   Gap | It/Node Time

     0     0  597.47551    0   90          -  597.47551      -     -    0s
H    0     0                    3024.2325826  597.47551  80.2%     -    0s
     0     0  697.39143    0  126 3024.23258  697.39143  76.9%     -    0s
     0     0  697.42459    0  127 3024.23258  697.42459  76.9%     -    0s
     0     0  710.81123    0  117 3024.23258  710.81123  76.5%     -    0s
H    0     0                    2374.0764646  710.81123  70.1%     -    1s
     0     0  712.74521    0  114 2374.07646  712.74521  70.0%     -    1s
     0     0  712.76923    0  127 2374.07646  712.76923  70.0%     -    1s
     0     0  712.76980    0  133 2374.07646  712.76980  70.0%     -    1s
     0     0  713.85723    0  132 2374.07646  713.85723  69.9%     -    1s
     0     0  713.86430    0  129 2374.07646  713.86430  69.9%     -    1s
     0     0  717.02094    0  121 2374.07646  717.02094  69.8%     -    1s
     0     0  717.31839    0  121 2374.07646  717.31839  69.8%     -    1s
     0     0  717.31839    0  123 2374.07646  717.31839  69.8%     -    1s
     0     0  717.31839    0  123 2374.07646  717.31839  69.8%     -    1s
     0     0  717.31839    0  123 2374.07646  717.31839  69.8%     -    1s
     0     0  717.31839    0  123 2374.07646  717.31839  69.8%     -    1s
     0     0  717.31839    0  123 2374.07646  717.31839  69.8%     -    1s
     0     0  717.33926    0  146 2374.07646  717.33926  69.8%     -    1s
     0     0  717.34054    0  144 2374.07646  717.34054  69.8%     -    1s
     0     0  717.34394    0  146 2374.07646  717.34394  69.8%     -    1s
     0     0  717.34394    0  146 2374.07646  717.34394  69.8%     -    1s
     0     0  717.34394    0  146 2374.07646  717.34394  69.8%     -    1s
     0     0  717.34394    0  142 2374.07646  717.34394  69.8%     -    1s
     0     2  717.34394    0  142 2374.07646  717.34394  69.8%     -    2s
H   27    31                     823.4029190  718.32304  12.8%  35.0    4s
H   94    98                     821.5264909  718.32304  12.6%  22.3    4s
H   96    98                     806.3080611  718.32304  10.9%  22.2    4s
   332   351  739.66020  100   66  806.30806  718.32304  10.9%  12.5    5s
H  883   836                     805.0773312  718.46519  10.8%  13.1    6s
H  886   796                     788.2523897  718.46519  8.85%  13.1    7s
H  892   759                     785.4116303  719.17185  8.43%  13.0    8s
   908   770  729.77454    7  135  785.41163  719.57924  8.38%  12.8   10s
H  913   735                     770.1505569  719.57924  6.57%  15.0   11s
H  924   706                     752.4860028  719.57924  4.37%  16.1   12s
   953   727  752.48600   80  136  752.48600  719.95974  4.32%  16.8   15s
  1236   879  725.51917   97   88  752.48600  720.91304  4.20%  24.7   20s
H 1969   940                     747.8898302  721.42190  3.54%  22.5   24s
  2338  1083     cutoff   73       747.88983  722.24348  3.43%  22.5   25s
  3541  1391     cutoff   65       747.88983  723.75124  3.23%  22.9   30s
  5794  2379  735.27261   76   66  747.88983  726.32758  2.88%  23.4   35s
